[2025-08-13 15:02:17] production.ERROR: SQLSTATE[22P02]: Invalid text representation: 7 ERROR:  invalid input syntax for type bigint: "undefined"
CONTEXT:  unnamed portal parameter $1 = '...' (SQL: select * from "tid_inv" where "tid_inv_id" = undefined limit 1) {"exception":"[object] (Illuminate\\Database\\QueryException(code: 22P02): SQLSTATE[22P02]: Invalid text representation: 7 ERROR:  invalid input syntax for type bigint: \"undefined\"
CONTEXT:  unnamed portal parameter $1 = '...' (SQL: select * from \"tid_inv\" where \"tid_inv_id\" = undefined limit 1) at D:\\WORKAHOLIC\\APPLICATIONS\\CCS\\DEVELOPMENT\\AFC LAB\\v1\\LAB_PROD_CCS\\vendor\\laravel\\framework\\src\\Illuminate\\Database\\Connection.php:760)
[stacktrace]
#0 D:\\WORKAHOLIC\\APPLICATIONS\\CCS\\DEVELOPMENT\\AFC LAB\\v1\\LAB_PROD_CCS\\vendor\\laravel\\framework\\src\\Illuminate\\Database\\Connection.php(720): Illuminate\\Database\\Connection->runQueryCallback()
#1 D:\\WORKAHOLIC\\APPLICATIONS\\CCS\\DEVELOPMENT\\AFC LAB\\v1\\LAB_PROD_CCS\\vendor\\laravel\\framework\\src\\Illuminate\\Database\\Connection.php(405): Illuminate\\Database\\Connection->run()
#2 D:\\WORKAHOLIC\\APPLICATIONS\\CCS\\DEVELOPMENT\\AFC LAB\\v1\\LAB_PROD_CCS\\vendor\\laravel\\framework\\src\\Illuminate\\Database\\Query\\Builder.php(2705): Illuminate\\Database\\Connection->select()
#3 D:\\WORKAHOLIC\\APPLICATIONS\\CCS\\DEVELOPMENT\\AFC LAB\\v1\\LAB_PROD_CCS\\vendor\\laravel\\framework\\src\\Illuminate\\Database\\Query\\Builder.php(2694): Illuminate\\Database\\Query\\Builder->runSelect()
#4 D:\\WORKAHOLIC\\APPLICATIONS\\CCS\\DEVELOPMENT\\AFC LAB\\v1\\LAB_PROD_CCS\\vendor\\laravel\\framework\\src\\Illuminate\\Database\\Query\\Builder.php(3230): Illuminate\\Database\\Query\\Builder->Illuminate\\Database\\Query\\{closure}()
#5 D:\\WORKAHOLIC\\APPLICATIONS\\CCS\\DEVELOPMENT\\AFC LAB\\v1\\LAB_PROD_CCS\\vendor\\laravel\\framework\\src\\Illuminate\\Database\\Query\\Builder.php(2693): Illuminate\\Database\\Query\\Builder->onceWithColumns()
#6 D:\\WORKAHOLIC\\APPLICATIONS\\CCS\\DEVELOPMENT\\AFC LAB\\v1\\LAB_PROD_CCS\\vendor\\laravel\\framework\\src\\Illuminate\\Database\\Concerns\\BuildsQueries.php(296): Illuminate\\Database\\Query\\Builder->get()
#7 D:\\WORKAHOLIC\\APPLICATIONS\\CCS\\DEVELOPMENT\\AFC LAB\\v1\\LAB_PROD_CCS\\app\\Http\\Controllers\\Modules\\Tid\\TidController.php(101): Illuminate\\Database\\Query\\Builder->first()
#8 D:\\WORKAHOLIC\\APPLICATIONS\\CCS\\DEVELOPMENT\\AFC LAB\\v1\\LAB_PROD_CCS\\vendor\\laravel\\framework\\src\\Illuminate\\Routing\\Controller.php(54): App\\Http\\Controllers\\Modules\\Tid\\TidController->edit()
#9 D:\\WORKAHOLIC\\APPLICATIONS\\CCS\\DEVELOPMENT\\AFC LAB\\v1\\LAB_PROD_CCS\\vendor\\laravel\\framework\\src\\Illuminate\\Routing\\ControllerDispatcher.php(43): Illuminate\\Routing\\Controller->callAction()
#10 D:\\WORKAHOLIC\\APPLICATIONS\\CCS\\DEVELOPMENT\\AFC LAB\\v1\\LAB_PROD_CCS\\vendor\\laravel\\framework\\src\\Illuminate\\Routing\\Route.php(259): Illuminate\\Routing\\ControllerDispatcher->dispatch()
#11 D:\\WORKAHOLIC\\APPLICATIONS\\CCS\\DEVELOPMENT\\AFC LAB\\v1\\LAB_PROD_CCS\\vendor\\laravel\\framework\\src\\Illuminate\\Routing\\Route.php(205): Illuminate\\Routing\\Route->runController()
#12 D:\\WORKAHOLIC\\APPLICATIONS\\CCS\\DEVELOPMENT\\AFC LAB\\v1\\LAB_PROD_CCS\\vendor\\laravel\\framework\\src\\Illuminate\\Routing\\Router.php(798): Illuminate\\Routing\\Route->run()
#13 D:\\WORKAHOLIC\\APPLICATIONS\\CCS\\DEVELOPMENT\\AFC LAB\\v1\\LAB_PROD_CCS\\vendor\\laravel\\framework\\src\\Illuminate\\Pipeline\\Pipeline.php(141): Illuminate\\Routing\\Router->Illuminate\\Routing\\{closure}()
#14 D:\\WORKAHOLIC\\APPLICATIONS\\CCS\\DEVELOPMENT\\AFC LAB\\v1\\LAB_PROD_CCS\\vendor\\inertiajs\\inertia-laravel\\src\\Middleware.php(87): Illuminate\\Pipeline\\Pipeline->Illuminate\\Pipeline\\{closure}()
#15 D:\\WORKAHOLIC\\APPLICATIONS\\CCS\\DEVELOPMENT\\AFC LAB\\v1\\LAB_PROD_CCS\\vendor\\laravel\\framework\\src\\Illuminate\\Pipeline\\Pipeline.php(180): Inertia\\Middleware->handle()
#16 D:\\WORKAHOLIC\\APPLICATIONS\\CCS\\DEVELOPMENT\\AFC LAB\\v1\\LAB_PROD_CCS\\vendor\\laravel\\framework\\src\\Illuminate\\Routing\\Middleware\\SubstituteBindings.php(50): Illuminate\\Pipeline\\Pipeline->Illuminate\\Pipeline\\{closure}()
#17 D:\\WORKAHOLIC\\APPLICATIONS\\CCS\\DEVELOPMENT\\AFC LAB\\v1\\LAB_PROD_CCS\\vendor\\laravel\\framework\\src\\Illuminate\\Pipeline\\Pipeline.php(180): Illuminate\\Routing\\Middleware\\SubstituteBindings->handle()
#18 D:\\WORKAHOLIC\\APPLICATIONS\\CCS\\DEVELOPMENT\\AFC LAB\\v1\\LAB_PROD_CCS\\vendor\\laravel\\framework\\src\\Illuminate\\Foundation\\Http\\Middleware\\VerifyCsrfToken.php(78): Illuminate\\Pipeline\\Pipeline->Illuminate\\Pipeline\\{closure}()
#19 D:\\WORKAHOLIC\\APPLICATIONS\\CCS\\DEVELOPMENT\\AFC LAB\\v1\\LAB_PROD_CCS\\vendor\\laravel\\framework\\src\\Illuminate\\Pipeline\\Pipeline.php(180): Illuminate\\Foundation\\Http\\Middleware\\VerifyCsrfToken->handle()
#20 D:\\WORKAHOLIC\\APPLICATIONS\\CCS\\DEVELOPMENT\\AFC LAB\\v1\\LAB_PROD_CCS\\vendor\\laravel\\framework\\src\\Illuminate\\View\\Middleware\\ShareErrorsFromSession.php(49): Illuminate\\Pipeline\\Pipeline->Illuminate\\Pipeline\\{closure}()
#21 D:\\WORKAHOLIC\\APPLICATIONS\\CCS\\DEVELOPMENT\\AFC LAB\\v1\\LAB_PROD_CCS\\vendor\\laravel\\framework\\src\\Illuminate\\Pipeline\\Pipeline.php(180): Illuminate\\View\\Middleware\\ShareErrorsFromSession->handle()
#22 D:\\WORKAHOLIC\\APPLICATIONS\\CCS\\DEVELOPMENT\\AFC LAB\\v1\\LAB_PROD_CCS\\vendor\\laravel\\framework\\src\\Illuminate\\Session\\Middleware\\StartSession.php(121): Illuminate\\Pipeline\\Pipeline->Illuminate\\Pipeline\\{closure}()
#23 D:\\WORKAHOLIC\\APPLICATIONS\\CCS\\DEVELOPMENT\\AFC LAB\\v1\\LAB_PROD_CCS\\vendor\\laravel\\framework\\src\\Illuminate\\Session\\Middleware\\StartSession.php(64): Illuminate\\Session\\Middleware\\StartSession->handleStatefulRequest()
#24 D:\\WORKAHOLIC\\APPLICATIONS\\CCS\\DEVELOPMENT\\AFC LAB\\v1\\LAB_PROD_CCS\\vendor\\laravel\\framework\\src\\Illuminate\\Pipeline\\Pipeline.php(180): Illuminate\\Session\\Middleware\\StartSession->handle()
#25 D:\\WORKAHOLIC\\APPLICATIONS\\CCS\\DEVELOPMENT\\AFC LAB\\v1\\LAB_PROD_CCS\\vendor\\laravel\\framework\\src\\Illuminate\\Cookie\\Middleware\\AddQueuedCookiesToResponse.php(37): Illuminate\\Pipeline\\Pipeline->Illuminate\\Pipeline\\{closure}()
#26 D:\\WORKAHOLIC\\APPLICATIONS\\CCS\\DEVELOPMENT\\AFC LAB\\v1\\LAB_PROD_CCS\\vendor\\laravel\\framework\\src\\Illuminate\\Pipeline\\Pipeline.php(180): Illuminate\\Cookie\\Middleware\\AddQueuedCookiesToResponse->handle()
#27 D:\\WORKAHOLIC\\APPLICATIONS\\CCS\\DEVELOPMENT\\AFC LAB\\v1\\LAB_PROD_CCS\\vendor\\laravel\\framework\\src\\Illuminate\\Cookie\\Middleware\\EncryptCookies.php(67): Illuminate\\Pipeline\\Pipeline->Illuminate\\Pipeline\\{closure}()
#28 D:\\WORKAHOLIC\\APPLICATIONS\\CCS\\DEVELOPMENT\\AFC LAB\\v1\\LAB_PROD_CCS\\vendor\\laravel\\framework\\src\\Illuminate\\Pipeline\\Pipeline.php(180): Illuminate\\Cookie\\Middleware\\EncryptCookies->handle()
#29 D:\\WORKAHOLIC\\APPLICATIONS\\CCS\\DEVELOPMENT\\AFC LAB\\v1\\LAB_PROD_CCS\\vendor\\laravel\\framework\\src\\Illuminate\\Pipeline\\Pipeline.php(116): Illuminate\\Pipeline\\Pipeline->Illuminate\\Pipeline\\{closure}()
#30 D:\\WORKAHOLIC\\APPLICATIONS\\CCS\\DEVELOPMENT\\AFC LAB\\v1\\LAB_PROD_CCS\\vendor\\laravel\\framework\\src\\Illuminate\\Routing\\Router.php(797): Illuminate\\Pipeline\\Pipeline->then()
#31 D:\\WORKAHOLIC\\APPLICATIONS\\CCS\\DEVELOPMENT\\AFC LAB\\v1\\LAB_PROD_CCS\\vendor\\laravel\\framework\\src\\Illuminate\\Routing\\Router.php(776): Illuminate\\Routing\\Router->runRouteWithinStack()
#32 D:\\WORKAHOLIC\\APPLICATIONS\\CCS\\DEVELOPMENT\\AFC LAB\\v1\\LAB_PROD_CCS\\vendor\\laravel\\framework\\src\\Illuminate\\Routing\\Router.php(740): Illuminate\\Routing\\Router->runRoute()
#33 D:\\WORKAHOLIC\\APPLICATIONS\\CCS\\DEVELOPMENT\\AFC LAB\\v1\\LAB_PROD_CCS\\vendor\\laravel\\framework\\src\\Illuminate\\Routing\\Router.php(729): Illuminate\\Routing\\Router->dispatchToRoute()
#34 D:\\WORKAHOLIC\\APPLICATIONS\\CCS\\DEVELOPMENT\\AFC LAB\\v1\\LAB_PROD_CCS\\vendor\\laravel\\framework\\src\\Illuminate\\Foundation\\Http\\Kernel.php(190): Illuminate\\Routing\\Router->dispatch()
#35 D:\\WORKAHOLIC\\APPLICATIONS\\CCS\\DEVELOPMENT\\AFC LAB\\v1\\LAB_PROD_CCS\\vendor\\laravel\\framework\\src\\Illuminate\\Pipeline\\Pipeline.php(141): Illuminate\\Foundation\\Http\\Kernel->Illuminate\\Foundation\\Http\\{closure}()
#36 D:\\WORKAHOLIC\\APPLICATIONS\\CCS\\DEVELOPMENT\\AFC LAB\\v1\\LAB_PROD_CCS\\vendor\\laravel\\framework\\src\\Illuminate\\Foundation\\Http\\Middleware\\TransformsRequest.php(21): Illuminate\\Pipeline\\Pipeline->Illuminate\\Pipeline\\{closure}()
#37 D:\\WORKAHOLIC\\APPLICATIONS\\CCS\\DEVELOPMENT\\AFC LAB\\v1\\LAB_PROD_CCS\\vendor\\laravel\\framework\\src\\Illuminate\\Foundation\\Http\\Middleware\\ConvertEmptyStringsToNull.php(31): Illuminate\\Foundation\\Http\\Middleware\\TransformsRequest->handle()
#38 D:\\WORKAHOLIC\\APPLICATIONS\\CCS\\DEVELOPMENT\\AFC LAB\\v1\\LAB_PROD_CCS\\vendor\\laravel\\framework\\src\\Illuminate\\Pipeline\\Pipeline.php(180): Illuminate\\Foundation\\Http\\Middleware\\ConvertEmptyStringsToNull->handle()
#39 D:\\WORKAHOLIC\\APPLICATIONS\\CCS\\DEVELOPMENT\\AFC LAB\\v1\\LAB_PROD_CCS\\vendor\\laravel\\framework\\src\\Illuminate\\Foundation\\Http\\Middleware\\TransformsRequest.php(21): Illuminate\\Pipeline\\Pipeline->Illuminate\\Pipeline\\{closure}()
#40 D:\\WORKAHOLIC\\APPLICATIONS\\CCS\\DEVELOPMENT\\AFC LAB\\v1\\LAB_PROD_CCS\\vendor\\laravel\\framework\\src\\Illuminate\\Foundation\\Http\\Middleware\\TrimStrings.php(40): Illuminate\\Foundation\\Http\\Middleware\\TransformsRequest->handle()
#41 D:\\WORKAHOLIC\\APPLICATIONS\\CCS\\DEVELOPMENT\\AFC LAB\\v1\\LAB_PROD_CCS\\vendor\\laravel\\framework\\src\\Illuminate\\Pipeline\\Pipeline.php(180): Illuminate\\Foundation\\Http\\Middleware\\TrimStrings->handle()
#42 D:\\WORKAHOLIC\\APPLICATIONS\\CCS\\DEVELOPMENT\\AFC LAB\\v1\\LAB_PROD_CCS\\vendor\\laravel\\framework\\src\\Illuminate\\Foundation\\Http\\Middleware\\ValidatePostSize.php(27): Illuminate\\Pipeline\\Pipeline->Illuminate\\Pipeline\\{closure}()
#43 D:\\WORKAHOLIC\\APPLICATIONS\\CCS\\DEVELOPMENT\\AFC LAB\\v1\\LAB_PROD_CCS\\vendor\\laravel\\framework\\src\\Illuminate\\Pipeline\\Pipeline.php(180): Illuminate\\Foundation\\Http\\Middleware\\ValidatePostSize->handle()
#44 D:\\WORKAHOLIC\\APPLICATIONS\\CCS\\DEVELOPMENT\\AFC LAB\\v1\\LAB_PROD_CCS\\vendor\\laravel\\framework\\src\\Illuminate\\Foundation\\Http\\Middleware\\PreventRequestsDuringMaintenance.php(86): Illuminate\\Pipeline\\Pipeline->Illuminate\\Pipeline\\{closure}()
#45 D:\\WORKAHOLIC\\APPLICATIONS\\CCS\\DEVELOPMENT\\AFC LAB\\v1\\LAB_PROD_CCS\\vendor\\laravel\\framework\\src\\Illuminate\\Pipeline\\Pipeline.php(180): Illuminate\\Foundation\\Http\\Middleware\\PreventRequestsDuringMaintenance->handle()
#46 D:\\WORKAHOLIC\\APPLICATIONS\\CCS\\DEVELOPMENT\\AFC LAB\\v1\\LAB_PROD_CCS\\vendor\\laravel\\framework\\src\\Illuminate\\Http\\Middleware\\HandleCors.php(49): Illuminate\\Pipeline\\Pipeline->Illuminate\\Pipeline\\{closure}()
#47 D:\\WORKAHOLIC\\APPLICATIONS\\CCS\\DEVELOPMENT\\AFC LAB\\v1\\LAB_PROD_CCS\\vendor\\laravel\\framework\\src\\Illuminate\\Pipeline\\Pipeline.php(180): Illuminate\\Http\\Middleware\\HandleCors->handle()
#48 D:\\WORKAHOLIC\\APPLICATIONS\\CCS\\DEVELOPMENT\\AFC LAB\\v1\\LAB_PROD_CCS\\vendor\\laravel\\framework\\src\\Illuminate\\Http\\Middleware\\TrustProxies.php(39): Illuminate\\Pipeline\\Pipeline->Illuminate\\Pipeline\\{closure}()
#49 D:\\WORKAHOLIC\\APPLICATIONS\\CCS\\DEVELOPMENT\\AFC LAB\\v1\\LAB_PROD_CCS\\vendor\\laravel\\framework\\src\\Illuminate\\Pipeline\\Pipeline.php(180): Illuminate\\Http\\Middleware\\TrustProxies->handle()
#50 D:\\WORKAHOLIC\\APPLICATIONS\\CCS\\DEVELOPMENT\\AFC LAB\\v1\\LAB_PROD_CCS\\vendor\\laravel\\framework\\src\\Illuminate\\Pipeline\\Pipeline.php(116): Illuminate\\Pipeline\\Pipeline->Illuminate\\Pipeline\\{closure}()
#51 D:\\WORKAHOLIC\\APPLICATIONS\\CCS\\DEVELOPMENT\\AFC LAB\\v1\\LAB_PROD_CCS\\vendor\\laravel\\framework\\src\\Illuminate\\Foundation\\Http\\Kernel.php(165): Illuminate\\Pipeline\\Pipeline->then()
#52 D:\\WORKAHOLIC\\APPLICATIONS\\CCS\\DEVELOPMENT\\AFC LAB\\v1\\LAB_PROD_CCS\\vendor\\laravel\\framework\\src\\Illuminate\\Foundation\\Http\\Kernel.php(134): Illuminate\\Foundation\\Http\\Kernel->sendRequestThroughRouter()
#53 D:\\WORKAHOLIC\\APPLICATIONS\\CCS\\DEVELOPMENT\\AFC LAB\\v1\\LAB_PROD_CCS\\public\\index.php(51): Illuminate\\Foundation\\Http\\Kernel->handle()
#54 D:\\WORKAHOLIC\\APPLICATIONS\\CCS\\DEVELOPMENT\\AFC LAB\\v1\\LAB_PROD_CCS\\vendor\\laravel\\framework\\src\\Illuminate\\Foundation\\resources\\server.php(16): require_once('...')
#55 {main}

[previous exception] [object] (PDOException(code: 22P02): SQLSTATE[22P02]: Invalid text representation: 7 ERROR:  invalid input syntax for type bigint: \"undefined\"
CONTEXT:  unnamed portal parameter $1 = '...' at D:\\WORKAHOLIC\\APPLICATIONS\\CCS\\DEVELOPMENT\\AFC LAB\\v1\\LAB_PROD_CCS\\vendor\\laravel\\framework\\src\\Illuminate\\Database\\Connection.php:419)
[stacktrace]
#0 D:\\WORKAHOLIC\\APPLICATIONS\\CCS\\DEVELOPMENT\\AFC LAB\\v1\\LAB_PROD_CCS\\vendor\\laravel\\framework\\src\\Illuminate\\Database\\Connection.php(419): PDOStatement->execute()
#1 D:\\WORKAHOLIC\\APPLICATIONS\\CCS\\DEVELOPMENT\\AFC LAB\\v1\\LAB_PROD_CCS\\vendor\\laravel\\framework\\src\\Illuminate\\Database\\Connection.php(753): Illuminate\\Database\\Connection->Illuminate\\Database\\{closure}()
#2 D:\\WORKAHOLIC\\APPLICATIONS\\CCS\\DEVELOPMENT\\AFC LAB\\v1\\LAB_PROD_CCS\\vendor\\laravel\\framework\\src\\Illuminate\\Database\\Connection.php(720): Illuminate\\Database\\Connection->runQueryCallback()
#3 D:\\WORKAHOLIC\\APPLICATIONS\\CCS\\DEVELOPMENT\\AFC LAB\\v1\\LAB_PROD_CCS\\vendor\\laravel\\framework\\src\\Illuminate\\Database\\Connection.php(405): Illuminate\\Database\\Connection->run()
#4 D:\\WORKAHOLIC\\APPLICATIONS\\CCS\\DEVELOPMENT\\AFC LAB\\v1\\LAB_PROD_CCS\\vendor\\laravel\\framework\\src\\Illuminate\\Database\\Query\\Builder.php(2705): Illuminate\\Database\\Connection->select()
#5 D:\\WORKAHOLIC\\APPLICATIONS\\CCS\\DEVELOPMENT\\AFC LAB\\v1\\LAB_PROD_CCS\\vendor\\laravel\\framework\\src\\Illuminate\\Database\\Query\\Builder.php(2694): Illuminate\\Database\\Query\\Builder->runSelect()
#6 D:\\WORKAHOLIC\\APPLICATIONS\\CCS\\DEVELOPMENT\\AFC LAB\\v1\\LAB_PROD_CCS\\vendor\\laravel\\framework\\src\\Illuminate\\Database\\Query\\Builder.php(3230): Illuminate\\Database\\Query\\Builder->Illuminate\\Database\\Query\\{closure}()
#7 D:\\WORKAHOLIC\\APPLICATIONS\\CCS\\DEVELOPMENT\\AFC LAB\\v1\\LAB_PROD_CCS\\vendor\\laravel\\framework\\src\\Illuminate\\Database\\Query\\Builder.php(2693): Illuminate\\Database\\Query\\Builder->onceWithColumns()
#8 D:\\WORKAHOLIC\\APPLICATIONS\\CCS\\DEVELOPMENT\\AFC LAB\\v1\\LAB_PROD_CCS\\vendor\\laravel\\framework\\src\\Illuminate\\Database\\Concerns\\BuildsQueries.php(296): Illuminate\\Database\\Query\\Builder->get()
#9 D:\\WORKAHOLIC\\APPLICATIONS\\CCS\\DEVELOPMENT\\AFC LAB\\v1\\LAB_PROD_CCS\\app\\Http\\Controllers\\Modules\\Tid\\TidController.php(101): Illuminate\\Database\\Query\\Builder->first()
#10 D:\\WORKAHOLIC\\APPLICATIONS\\CCS\\DEVELOPMENT\\AFC LAB\\v1\\LAB_PROD_CCS\\vendor\\laravel\\framework\\src\\Illuminate\\Routing\\Controller.php(54): App\\Http\\Controllers\\Modules\\Tid\\TidController->edit()
#11 D:\\WORKAHOLIC\\APPLICATIONS\\CCS\\DEVELOPMENT\\AFC LAB\\v1\\LAB_PROD_CCS\\vendor\\laravel\\framework\\src\\Illuminate\\Routing\\ControllerDispatcher.php(43): Illuminate\\Routing\\Controller->callAction()
#12 D:\\WORKAHOLIC\\APPLICATIONS\\CCS\\DEVELOPMENT\\AFC LAB\\v1\\LAB_PROD_CCS\\vendor\\laravel\\framework\\src\\Illuminate\\Routing\\Route.php(259): Illuminate\\Routing\\ControllerDispatcher->dispatch()
#13 D:\\WORKAHOLIC\\APPLICATIONS\\CCS\\DEVELOPMENT\\AFC LAB\\v1\\LAB_PROD_CCS\\vendor\\laravel\\framework\\src\\Illuminate\\Routing\\Route.php(205): Illuminate\\Routing\\Route->runController()
#14 D:\\WORKAHOLIC\\APPLICATIONS\\CCS\\DEVELOPMENT\\AFC LAB\\v1\\LAB_PROD_CCS\\vendor\\laravel\\framework\\src\\Illuminate\\Routing\\Router.php(798): Illuminate\\Routing\\Route->run()
#15 D:\\WORKAHOLIC\\APPLICATIONS\\CCS\\DEVELOPMENT\\AFC LAB\\v1\\LAB_PROD_CCS\\vendor\\laravel\\framework\\src\\Illuminate\\Pipeline\\Pipeline.php(141): Illuminate\\Routing\\Router->Illuminate\\Routing\\{closure}()
#16 D:\\WORKAHOLIC\\APPLICATIONS\\CCS\\DEVELOPMENT\\AFC LAB\\v1\\LAB_PROD_CCS\\vendor\\inertiajs\\inertia-laravel\\src\\Middleware.php(87): Illuminate\\Pipeline\\Pipeline->Illuminate\\Pipeline\\{closure}()
#17 D:\\WORKAHOLIC\\APPLICATIONS\\CCS\\DEVELOPMENT\\AFC LAB\\v1\\LAB_PROD_CCS\\vendor\\laravel\\framework\\src\\Illuminate\\Pipeline\\Pipeline.php(180): Inertia\\Middleware->handle()
#18 D:\\WORKAHOLIC\\APPLICATIONS\\CCS\\DEVELOPMENT\\AFC LAB\\v1\\LAB_PROD_CCS\\vendor\\laravel\\framework\\src\\Illuminate\\Routing\\Middleware\\SubstituteBindings.php(50): Illuminate\\Pipeline\\Pipeline->Illuminate\\Pipeline\\{closure}()
#19 D:\\WORKAHOLIC\\APPLICATIONS\\CCS\\DEVELOPMENT\\AFC LAB\\v1\\LAB_PROD_CCS\\vendor\\laravel\\framework\\src\\Illuminate\\Pipeline\\Pipeline.php(180): Illuminate\\Routing\\Middleware\\SubstituteBindings->handle()
#20 D:\\WORKAHOLIC\\APPLICATIONS\\CCS\\DEVELOPMENT\\AFC LAB\\v1\\LAB_PROD_CCS\\vendor\\laravel\\framework\\src\\Illuminate\\Foundation\\Http\\Middleware\\VerifyCsrfToken.php(78): Illuminate\\Pipeline\\Pipeline->Illuminate\\Pipeline\\{closure}()
#21 D:\\WORKAHOLIC\\APPLICATIONS\\CCS\\DEVELOPMENT\\AFC LAB\\v1\\LAB_PROD_CCS\\vendor\\laravel\\framework\\src\\Illuminate\\Pipeline\\Pipeline.php(180): Illuminate\\Foundation\\Http\\Middleware\\VerifyCsrfToken->handle()
#22 D:\\WORKAHOLIC\\APPLICATIONS\\CCS\\DEVELOPMENT\\AFC LAB\\v1\\LAB_PROD_CCS\\vendor\\laravel\\framework\\src\\Illuminate\\View\\Middleware\\ShareErrorsFromSession.php(49): Illuminate\\Pipeline\\Pipeline->Illuminate\\Pipeline\\{closure}()
#23 D:\\WORKAHOLIC\\APPLICATIONS\\CCS\\DEVELOPMENT\\AFC LAB\\v1\\LAB_PROD_CCS\\vendor\\laravel\\framework\\src\\Illuminate\\Pipeline\\Pipeline.php(180): Illuminate\\View\\Middleware\\ShareErrorsFromSession->handle()
#24 D:\\WORKAHOLIC\\APPLICATIONS\\CCS\\DEVELOPMENT\\AFC LAB\\v1\\LAB_PROD_CCS\\vendor\\laravel\\framework\\src\\Illuminate\\Session\\Middleware\\StartSession.php(121): Illuminate\\Pipeline\\Pipeline->Illuminate\\Pipeline\\{closure}()
#25 D:\\WORKAHOLIC\\APPLICATIONS\\CCS\\DEVELOPMENT\\AFC LAB\\v1\\LAB_PROD_CCS\\vendor\\laravel\\framework\\src\\Illuminate\\Session\\Middleware\\StartSession.php(64): Illuminate\\Session\\Middleware\\StartSession->handleStatefulRequest()
#26 D:\\WORKAHOLIC\\APPLICATIONS\\CCS\\DEVELOPMENT\\AFC LAB\\v1\\LAB_PROD_CCS\\vendor\\laravel\\framework\\src\\Illuminate\\Pipeline\\Pipeline.php(180): Illuminate\\Session\\Middleware\\StartSession->handle()
#27 D:\\WORKAHOLIC\\APPLICATIONS\\CCS\\DEVELOPMENT\\AFC LAB\\v1\\LAB_PROD_CCS\\vendor\\laravel\\framework\\src\\Illuminate\\Cookie\\Middleware\\AddQueuedCookiesToResponse.php(37): Illuminate\\Pipeline\\Pipeline->Illuminate\\Pipeline\\{closure}()
#28 D:\\WORKAHOLIC\\APPLICATIONS\\CCS\\DEVELOPMENT\\AFC LAB\\v1\\LAB_PROD_CCS\\vendor\\laravel\\framework\\src\\Illuminate\\Pipeline\\Pipeline.php(180): Illuminate\\Cookie\\Middleware\\AddQueuedCookiesToResponse->handle()
#29 D:\\WORKAHOLIC\\APPLICATIONS\\CCS\\DEVELOPMENT\\AFC LAB\\v1\\LAB_PROD_CCS\\vendor\\laravel\\framework\\src\\Illuminate\\Cookie\\Middleware\\EncryptCookies.php(67): Illuminate\\Pipeline\\Pipeline->Illuminate\\Pipeline\\{closure}()
#30 D:\\WORKAHOLIC\\APPLICATIONS\\CCS\\DEVELOPMENT\\AFC LAB\\v1\\LAB_PROD_CCS\\vendor\\laravel\\framework\\src\\Illuminate\\Pipeline\\Pipeline.php(180): Illuminate\\Cookie\\Middleware\\EncryptCookies->handle()
#31 D:\\WORKAHOLIC\\APPLICATIONS\\CCS\\DEVELOPMENT\\AFC LAB\\v1\\LAB_PROD_CCS\\vendor\\laravel\\framework\\src\\Illuminate\\Pipeline\\Pipeline.php(116): Illuminate\\Pipeline\\Pipeline->Illuminate\\Pipeline\\{closure}()
#32 D:\\WORKAHOLIC\\APPLICATIONS\\CCS\\DEVELOPMENT\\AFC LAB\\v1\\LAB_PROD_CCS\\vendor\\laravel\\framework\\src\\Illuminate\\Routing\\Router.php(797): Illuminate\\Pipeline\\Pipeline->then()
#33 D:\\WORKAHOLIC\\APPLICATIONS\\CCS\\DEVELOPMENT\\AFC LAB\\v1\\LAB_PROD_CCS\\vendor\\laravel\\framework\\src\\Illuminate\\Routing\\Router.php(776): Illuminate\\Routing\\Router->runRouteWithinStack()
#34 D:\\WORKAHOLIC\\APPLICATIONS\\CCS\\DEVELOPMENT\\AFC LAB\\v1\\LAB_PROD_CCS\\vendor\\laravel\\framework\\src\\Illuminate\\Routing\\Router.php(740): Illuminate\\Routing\\Router->runRoute()
#35 D:\\WORKAHOLIC\\APPLICATIONS\\CCS\\DEVELOPMENT\\AFC LAB\\v1\\LAB_PROD_CCS\\vendor\\laravel\\framework\\src\\Illuminate\\Routing\\Router.php(729): Illuminate\\Routing\\Router->dispatchToRoute()
#36 D:\\WORKAHOLIC\\APPLICATIONS\\CCS\\DEVELOPMENT\\AFC LAB\\v1\\LAB_PROD_CCS\\vendor\\laravel\\framework\\src\\Illuminate\\Foundation\\Http\\Kernel.php(190): Illuminate\\Routing\\Router->dispatch()
#37 D:\\WORKAHOLIC\\APPLICATIONS\\CCS\\DEVELOPMENT\\AFC LAB\\v1\\LAB_PROD_CCS\\vendor\\laravel\\framework\\src\\Illuminate\\Pipeline\\Pipeline.php(141): Illuminate\\Foundation\\Http\\Kernel->Illuminate\\Foundation\\Http\\{closure}()
#38 D:\\WORKAHOLIC\\APPLICATIONS\\CCS\\DEVELOPMENT\\AFC LAB\\v1\\LAB_PROD_CCS\\vendor\\laravel\\framework\\src\\Illuminate\\Foundation\\Http\\Middleware\\TransformsRequest.php(21): Illuminate\\Pipeline\\Pipeline->Illuminate\\Pipeline\\{closure}()
#39 D:\\WORKAHOLIC\\APPLICATIONS\\CCS\\DEVELOPMENT\\AFC LAB\\v1\\LAB_PROD_CCS\\vendor\\laravel\\framework\\src\\Illuminate\\Foundation\\Http\\Middleware\\ConvertEmptyStringsToNull.php(31): Illuminate\\Foundation\\Http\\Middleware\\TransformsRequest->handle()
#40 D:\\WORKAHOLIC\\APPLICATIONS\\CCS\\DEVELOPMENT\\AFC LAB\\v1\\LAB_PROD_CCS\\vendor\\laravel\\framework\\src\\Illuminate\\Pipeline\\Pipeline.php(180): Illuminate\\Foundation\\Http\\Middleware\\ConvertEmptyStringsToNull->handle()
#41 D:\\WORKAHOLIC\\APPLICATIONS\\CCS\\DEVELOPMENT\\AFC LAB\\v1\\LAB_PROD_CCS\\vendor\\laravel\\framework\\src\\Illuminate\\Foundation\\Http\\Middleware\\TransformsRequest.php(21): Illuminate\\Pipeline\\Pipeline->Illuminate\\Pipeline\\{closure}()
#42 D:\\WORKAHOLIC\\APPLICATIONS\\CCS\\DEVELOPMENT\\AFC LAB\\v1\\LAB_PROD_CCS\\vendor\\laravel\\framework\\src\\Illuminate\\Foundation\\Http\\Middleware\\TrimStrings.php(40): Illuminate\\Foundation\\Http\\Middleware\\TransformsRequest->handle()
#43 D:\\WORKAHOLIC\\APPLICATIONS\\CCS\\DEVELOPMENT\\AFC LAB\\v1\\LAB_PROD_CCS\\vendor\\laravel\\framework\\src\\Illuminate\\Pipeline\\Pipeline.php(180): Illuminate\\Foundation\\Http\\Middleware\\TrimStrings->handle()
#44 D:\\WORKAHOLIC\\APPLICATIONS\\CCS\\DEVELOPMENT\\AFC LAB\\v1\\LAB_PROD_CCS\\vendor\\laravel\\framework\\src\\Illuminate\\Foundation\\Http\\Middleware\\ValidatePostSize.php(27): Illuminate\\Pipeline\\Pipeline->Illuminate\\Pipeline\\{closure}()
#45 D:\\WORKAHOLIC\\APPLICATIONS\\CCS\\DEVELOPMENT\\AFC LAB\\v1\\LAB_PROD_CCS\\vendor\\laravel\\framework\\src\\Illuminate\\Pipeline\\Pipeline.php(180): Illuminate\\Foundation\\Http\\Middleware\\ValidatePostSize->handle()
#46 D:\\WORKAHOLIC\\APPLICATIONS\\CCS\\DEVELOPMENT\\AFC LAB\\v1\\LAB_PROD_CCS\\vendor\\laravel\\framework\\src\\Illuminate\\Foundation\\Http\\Middleware\\PreventRequestsDuringMaintenance.php(86): Illuminate\\Pipeline\\Pipeline->Illuminate\\Pipeline\\{closure}()
#47 D:\\WORKAHOLIC\\APPLICATIONS\\CCS\\DEVELOPMENT\\AFC LAB\\v1\\LAB_PROD_CCS\\vendor\\laravel\\framework\\src\\Illuminate\\Pipeline\\Pipeline.php(180): Illuminate\\Foundation\\Http\\Middleware\\PreventRequestsDuringMaintenance->handle()
#48 D:\\WORKAHOLIC\\APPLICATIONS\\CCS\\DEVELOPMENT\\AFC LAB\\v1\\LAB_PROD_CCS\\vendor\\laravel\\framework\\src\\Illuminate\\Http\\Middleware\\HandleCors.php(49): Illuminate\\Pipeline\\Pipeline->Illuminate\\Pipeline\\{closure}()
#49 D:\\WORKAHOLIC\\APPLICATIONS\\CCS\\DEVELOPMENT\\AFC LAB\\v1\\LAB_PROD_CCS\\vendor\\laravel\\framework\\src\\Illuminate\\Pipeline\\Pipeline.php(180): Illuminate\\Http\\Middleware\\HandleCors->handle()
#50 D:\\WORKAHOLIC\\APPLICATIONS\\CCS\\DEVELOPMENT\\AFC LAB\\v1\\LAB_PROD_CCS\\vendor\\laravel\\framework\\src\\Illuminate\\Http\\Middleware\\TrustProxies.php(39): Illuminate\\Pipeline\\Pipeline->Illuminate\\Pipeline\\{closure}()
#51 D:\\WORKAHOLIC\\APPLICATIONS\\CCS\\DEVELOPMENT\\AFC LAB\\v1\\LAB_PROD_CCS\\vendor\\laravel\\framework\\src\\Illuminate\\Pipeline\\Pipeline.php(180): Illuminate\\Http\\Middleware\\TrustProxies->handle()
#52 D:\\WORKAHOLIC\\APPLICATIONS\\CCS\\DEVELOPMENT\\AFC LAB\\v1\\LAB_PROD_CCS\\vendor\\laravel\\framework\\src\\Illuminate\\Pipeline\\Pipeline.php(116): Illuminate\\Pipeline\\Pipeline->Illuminate\\Pipeline\\{closure}()
#53 D:\\WORKAHOLIC\\APPLICATIONS\\CCS\\DEVELOPMENT\\AFC LAB\\v1\\LAB_PROD_CCS\\vendor\\laravel\\framework\\src\\Illuminate\\Foundation\\Http\\Kernel.php(165): Illuminate\\Pipeline\\Pipeline->then()
#54 D:\\WORKAHOLIC\\APPLICATIONS\\CCS\\DEVELOPMENT\\AFC LAB\\v1\\LAB_PROD_CCS\\vendor\\laravel\\framework\\src\\Illuminate\\Foundation\\Http\\Kernel.php(134): Illuminate\\Foundation\\Http\\Kernel->sendRequestThroughRouter()
#55 D:\\WORKAHOLIC\\APPLICATIONS\\CCS\\DEVELOPMENT\\AFC LAB\\v1\\LAB_PROD_CCS\\public\\index.php(51): Illuminate\\Foundation\\Http\\Kernel->handle()
#56 D:\\WORKAHOLIC\\APPLICATIONS\\CCS\\DEVELOPMENT\\AFC LAB\\v1\\LAB_PROD_CCS\\vendor\\laravel\\framework\\src\\Illuminate\\Foundation\\resources\\server.php(16): require_once('...')
#57 {main}
"} 
[2025-08-13 15:27:03] production.ERROR: SQLSTATE[42P01]: Undefined table: 7 ERROR:  missing FROM-clause entry for table "ti"
LINE 1: ...inner join "acq_param" as "ap" on "ap"."acq_id" = "ti"."acq_...
                                                             ^ (SQL: select "tid_inv"."emv_tid" as "terminal_id", "acq_param"."acq_mid" as "merchant_id", "acq_param"."client_id" as "client_id", "acq_param"."acq_id" as "acquirer_id", "acq_param"."acq_name" as "acquirer_name", "acq_param"."operator_id" from "tid_inv" inner join "acq_param" on "acq_param"."eq_type_id" = "tid_inv"."eq_type_id" inner join "acq_param" as "ap" on "ap"."acq_id" = "ti"."acq_id" and "ap"."eq_type_id" = "ti"."eq_type_id" where "tid_inv"."emv_serial_no" = 123456789 and "tid_inv"."eq_type_id" = 6 limit 1) {"exception":"[object] (Illuminate\\Database\\QueryException(code: 42P01): SQLSTATE[42P01]: Undefined table: 7 ERROR:  missing FROM-clause entry for table \"ti\"
LINE 1: ...inner join \"acq_param\" as \"ap\" on \"ap\".\"acq_id\" = \"ti\".\"acq_...
                                                             ^ (SQL: select \"tid_inv\".\"emv_tid\" as \"terminal_id\", \"acq_param\".\"acq_mid\" as \"merchant_id\", \"acq_param\".\"client_id\" as \"client_id\", \"acq_param\".\"acq_id\" as \"acquirer_id\", \"acq_param\".\"acq_name\" as \"acquirer_name\", \"acq_param\".\"operator_id\" from \"tid_inv\" inner join \"acq_param\" on \"acq_param\".\"eq_type_id\" = \"tid_inv\".\"eq_type_id\" inner join \"acq_param\" as \"ap\" on \"ap\".\"acq_id\" = \"ti\".\"acq_id\" and \"ap\".\"eq_type_id\" = \"ti\".\"eq_type_id\" where \"tid_inv\".\"emv_serial_no\" = 123456789 and \"tid_inv\".\"eq_type_id\" = 6 limit 1) at D:\\WORKAHOLIC\\APPLICATIONS\\CCS\\DEVELOPMENT\\AFC LAB\\v1\\LAB_PROD_CCS\\vendor\\laravel\\framework\\src\\Illuminate\\Database\\Connection.php:760)
[stacktrace]
#0 D:\\WORKAHOLIC\\APPLICATIONS\\CCS\\DEVELOPMENT\\AFC LAB\\v1\\LAB_PROD_CCS\\vendor\\laravel\\framework\\src\\Illuminate\\Database\\Connection.php(720): Illuminate\\Database\\Connection->runQueryCallback()
#1 D:\\WORKAHOLIC\\APPLICATIONS\\CCS\\DEVELOPMENT\\AFC LAB\\v1\\LAB_PROD_CCS\\vendor\\laravel\\framework\\src\\Illuminate\\Database\\Connection.php(405): Illuminate\\Database\\Connection->run()
#2 D:\\WORKAHOLIC\\APPLICATIONS\\CCS\\DEVELOPMENT\\AFC LAB\\v1\\LAB_PROD_CCS\\vendor\\laravel\\framework\\src\\Illuminate\\Database\\Query\\Builder.php(2705): Illuminate\\Database\\Connection->select()
#3 D:\\WORKAHOLIC\\APPLICATIONS\\CCS\\DEVELOPMENT\\AFC LAB\\v1\\LAB_PROD_CCS\\vendor\\laravel\\framework\\src\\Illuminate\\Database\\Query\\Builder.php(2694): Illuminate\\Database\\Query\\Builder->runSelect()
#4 D:\\WORKAHOLIC\\APPLICATIONS\\CCS\\DEVELOPMENT\\AFC LAB\\v1\\LAB_PROD_CCS\\vendor\\laravel\\framework\\src\\Illuminate\\Database\\Query\\Builder.php(3230): Illuminate\\Database\\Query\\Builder->Illuminate\\Database\\Query\\{closure}()
#5 D:\\WORKAHOLIC\\APPLICATIONS\\CCS\\DEVELOPMENT\\AFC LAB\\v1\\LAB_PROD_CCS\\vendor\\laravel\\framework\\src\\Illuminate\\Database\\Query\\Builder.php(2693): Illuminate\\Database\\Query\\Builder->onceWithColumns()
#6 D:\\WORKAHOLIC\\APPLICATIONS\\CCS\\DEVELOPMENT\\AFC LAB\\v1\\LAB_PROD_CCS\\vendor\\laravel\\framework\\src\\Illuminate\\Database\\Concerns\\BuildsQueries.php(296): Illuminate\\Database\\Query\\Builder->get()
#7 D:\\WORKAHOLIC\\APPLICATIONS\\CCS\\DEVELOPMENT\\AFC LAB\\v1\\LAB_PROD_CCS\\app\\Http\\Controllers\\Modules\\Api\\ConfigApi\\V2ConfigApiController.php(707): Illuminate\\Database\\Query\\Builder->first()
#8 D:\\WORKAHOLIC\\APPLICATIONS\\CCS\\DEVELOPMENT\\AFC LAB\\v1\\LAB_PROD_CCS\\app\\Http\\Controllers\\Modules\\Api\\ConfigApi\\V2ConfigApiController.php(23): App\\Http\\Controllers\\Modules\\Api\\ConfigApi\\V2ConfigApiController->getEDCConfig()
#9 D:\\WORKAHOLIC\\APPLICATIONS\\CCS\\DEVELOPMENT\\AFC LAB\\v1\\LAB_PROD_CCS\\vendor\\laravel\\framework\\src\\Illuminate\\Routing\\Controller.php(54): App\\Http\\Controllers\\Modules\\Api\\ConfigApi\\V2ConfigApiController->getConfig()
#10 D:\\WORKAHOLIC\\APPLICATIONS\\CCS\\DEVELOPMENT\\AFC LAB\\v1\\LAB_PROD_CCS\\vendor\\laravel\\framework\\src\\Illuminate\\Routing\\ControllerDispatcher.php(43): Illuminate\\Routing\\Controller->callAction()
#11 D:\\WORKAHOLIC\\APPLICATIONS\\CCS\\DEVELOPMENT\\AFC LAB\\v1\\LAB_PROD_CCS\\vendor\\laravel\\framework\\src\\Illuminate\\Routing\\Route.php(259): Illuminate\\Routing\\ControllerDispatcher->dispatch()
#12 D:\\WORKAHOLIC\\APPLICATIONS\\CCS\\DEVELOPMENT\\AFC LAB\\v1\\LAB_PROD_CCS\\vendor\\laravel\\framework\\src\\Illuminate\\Routing\\Route.php(205): Illuminate\\Routing\\Route->runController()
#13 D:\\WORKAHOLIC\\APPLICATIONS\\CCS\\DEVELOPMENT\\AFC LAB\\v1\\LAB_PROD_CCS\\vendor\\laravel\\framework\\src\\Illuminate\\Routing\\Router.php(798): Illuminate\\Routing\\Route->run()
#14 D:\\WORKAHOLIC\\APPLICATIONS\\CCS\\DEVELOPMENT\\AFC LAB\\v1\\LAB_PROD_CCS\\vendor\\laravel\\framework\\src\\Illuminate\\Pipeline\\Pipeline.php(141): Illuminate\\Routing\\Router->Illuminate\\Routing\\{closure}()
#15 D:\\WORKAHOLIC\\APPLICATIONS\\CCS\\DEVELOPMENT\\AFC LAB\\v1\\LAB_PROD_CCS\\vendor\\laravel\\framework\\src\\Illuminate\\Routing\\Middleware\\SubstituteBindings.php(50): Illuminate\\Pipeline\\Pipeline->Illuminate\\Pipeline\\{closure}()
#16 D:\\WORKAHOLIC\\APPLICATIONS\\CCS\\DEVELOPMENT\\AFC LAB\\v1\\LAB_PROD_CCS\\vendor\\laravel\\framework\\src\\Illuminate\\Pipeline\\Pipeline.php(180): Illuminate\\Routing\\Middleware\\SubstituteBindings->handle()
#17 D:\\WORKAHOLIC\\APPLICATIONS\\CCS\\DEVELOPMENT\\AFC LAB\\v1\\LAB_PROD_CCS\\vendor\\laravel\\framework\\src\\Illuminate\\Routing\\Middleware\\ThrottleRequests.php(126): Illuminate\\Pipeline\\Pipeline->Illuminate\\Pipeline\\{closure}()
#18 D:\\WORKAHOLIC\\APPLICATIONS\\CCS\\DEVELOPMENT\\AFC LAB\\v1\\LAB_PROD_CCS\\vendor\\laravel\\framework\\src\\Illuminate\\Routing\\Middleware\\ThrottleRequests.php(92): Illuminate\\Routing\\Middleware\\ThrottleRequests->handleRequest()
#19 D:\\WORKAHOLIC\\APPLICATIONS\\CCS\\DEVELOPMENT\\AFC LAB\\v1\\LAB_PROD_CCS\\vendor\\laravel\\framework\\src\\Illuminate\\Routing\\Middleware\\ThrottleRequests.php(54): Illuminate\\Routing\\Middleware\\ThrottleRequests->handleRequestUsingNamedLimiter()
#20 D:\\WORKAHOLIC\\APPLICATIONS\\CCS\\DEVELOPMENT\\AFC LAB\\v1\\LAB_PROD_CCS\\vendor\\laravel\\framework\\src\\Illuminate\\Pipeline\\Pipeline.php(180): Illuminate\\Routing\\Middleware\\ThrottleRequests->handle()
#21 D:\\WORKAHOLIC\\APPLICATIONS\\CCS\\DEVELOPMENT\\AFC LAB\\v1\\LAB_PROD_CCS\\vendor\\laravel\\framework\\src\\Illuminate\\Pipeline\\Pipeline.php(116): Illuminate\\Pipeline\\Pipeline->Illuminate\\Pipeline\\{closure}()
#22 D:\\WORKAHOLIC\\APPLICATIONS\\CCS\\DEVELOPMENT\\AFC LAB\\v1\\LAB_PROD_CCS\\vendor\\laravel\\framework\\src\\Illuminate\\Routing\\Router.php(797): Illuminate\\Pipeline\\Pipeline->then()
#23 D:\\WORKAHOLIC\\APPLICATIONS\\CCS\\DEVELOPMENT\\AFC LAB\\v1\\LAB_PROD_CCS\\vendor\\laravel\\framework\\src\\Illuminate\\Routing\\Router.php(776): Illuminate\\Routing\\Router->runRouteWithinStack()
#24 D:\\WORKAHOLIC\\APPLICATIONS\\CCS\\DEVELOPMENT\\AFC LAB\\v1\\LAB_PROD_CCS\\vendor\\laravel\\framework\\src\\Illuminate\\Routing\\Router.php(740): Illuminate\\Routing\\Router->runRoute()
#25 D:\\WORKAHOLIC\\APPLICATIONS\\CCS\\DEVELOPMENT\\AFC LAB\\v1\\LAB_PROD_CCS\\vendor\\laravel\\framework\\src\\Illuminate\\Routing\\Router.php(729): Illuminate\\Routing\\Router->dispatchToRoute()
#26 D:\\WORKAHOLIC\\APPLICATIONS\\CCS\\DEVELOPMENT\\AFC LAB\\v1\\LAB_PROD_CCS\\vendor\\laravel\\framework\\src\\Illuminate\\Foundation\\Http\\Kernel.php(190): Illuminate\\Routing\\Router->dispatch()
#27 D:\\WORKAHOLIC\\APPLICATIONS\\CCS\\DEVELOPMENT\\AFC LAB\\v1\\LAB_PROD_CCS\\vendor\\laravel\\framework\\src\\Illuminate\\Pipeline\\Pipeline.php(141): Illuminate\\Foundation\\Http\\Kernel->Illuminate\\Foundation\\Http\\{closure}()
#28 D:\\WORKAHOLIC\\APPLICATIONS\\CCS\\DEVELOPMENT\\AFC LAB\\v1\\LAB_PROD_CCS\\vendor\\laravel\\framework\\src\\Illuminate\\Foundation\\Http\\Middleware\\TransformsRequest.php(21): Illuminate\\Pipeline\\Pipeline->Illuminate\\Pipeline\\{closure}()
#29 D:\\WORKAHOLIC\\APPLICATIONS\\CCS\\DEVELOPMENT\\AFC LAB\\v1\\LAB_PROD_CCS\\vendor\\laravel\\framework\\src\\Illuminate\\Foundation\\Http\\Middleware\\ConvertEmptyStringsToNull.php(31): Illuminate\\Foundation\\Http\\Middleware\\TransformsRequest->handle()
#30 D:\\WORKAHOLIC\\APPLICATIONS\\CCS\\DEVELOPMENT\\AFC LAB\\v1\\LAB_PROD_CCS\\vendor\\laravel\\framework\\src\\Illuminate\\Pipeline\\Pipeline.php(180): Illuminate\\Foundation\\Http\\Middleware\\ConvertEmptyStringsToNull->handle()
#31 D:\\WORKAHOLIC\\APPLICATIONS\\CCS\\DEVELOPMENT\\AFC LAB\\v1\\LAB_PROD_CCS\\vendor\\laravel\\framework\\src\\Illuminate\\Foundation\\Http\\Middleware\\TransformsRequest.php(21): Illuminate\\Pipeline\\Pipeline->Illuminate\\Pipeline\\{closure}()
#32 D:\\WORKAHOLIC\\APPLICATIONS\\CCS\\DEVELOPMENT\\AFC LAB\\v1\\LAB_PROD_CCS\\vendor\\laravel\\framework\\src\\Illuminate\\Foundation\\Http\\Middleware\\TrimStrings.php(40): Illuminate\\Foundation\\Http\\Middleware\\TransformsRequest->handle()
#33 D:\\WORKAHOLIC\\APPLICATIONS\\CCS\\DEVELOPMENT\\AFC LAB\\v1\\LAB_PROD_CCS\\vendor\\laravel\\framework\\src\\Illuminate\\Pipeline\\Pipeline.php(180): Illuminate\\Foundation\\Http\\Middleware\\TrimStrings->handle()
#34 D:\\WORKAHOLIC\\APPLICATIONS\\CCS\\DEVELOPMENT\\AFC LAB\\v1\\LAB_PROD_CCS\\vendor\\laravel\\framework\\src\\Illuminate\\Foundation\\Http\\Middleware\\ValidatePostSize.php(27): Illuminate\\Pipeline\\Pipeline->Illuminate\\Pipeline\\{closure}()
#35 D:\\WORKAHOLIC\\APPLICATIONS\\CCS\\DEVELOPMENT\\AFC LAB\\v1\\LAB_PROD_CCS\\vendor\\laravel\\framework\\src\\Illuminate\\Pipeline\\Pipeline.php(180): Illuminate\\Foundation\\Http\\Middleware\\ValidatePostSize->handle()
#36 D:\\WORKAHOLIC\\APPLICATIONS\\CCS\\DEVELOPMENT\\AFC LAB\\v1\\LAB_PROD_CCS\\vendor\\laravel\\framework\\src\\Illuminate\\Foundation\\Http\\Middleware\\PreventRequestsDuringMaintenance.php(86): Illuminate\\Pipeline\\Pipeline->Illuminate\\Pipeline\\{closure}()
#37 D:\\WORKAHOLIC\\APPLICATIONS\\CCS\\DEVELOPMENT\\AFC LAB\\v1\\LAB_PROD_CCS\\vendor\\laravel\\framework\\src\\Illuminate\\Pipeline\\Pipeline.php(180): Illuminate\\Foundation\\Http\\Middleware\\PreventRequestsDuringMaintenance->handle()
#38 D:\\WORKAHOLIC\\APPLICATIONS\\CCS\\DEVELOPMENT\\AFC LAB\\v1\\LAB_PROD_CCS\\vendor\\laravel\\framework\\src\\Illuminate\\Http\\Middleware\\HandleCors.php(62): Illuminate\\Pipeline\\Pipeline->Illuminate\\Pipeline\\{closure}()
#39 D:\\WORKAHOLIC\\APPLICATIONS\\CCS\\DEVELOPMENT\\AFC LAB\\v1\\LAB_PROD_CCS\\vendor\\laravel\\framework\\src\\Illuminate\\Pipeline\\Pipeline.php(180): Illuminate\\Http\\Middleware\\HandleCors->handle()
#40 D:\\WORKAHOLIC\\APPLICATIONS\\CCS\\DEVELOPMENT\\AFC LAB\\v1\\LAB_PROD_CCS\\vendor\\laravel\\framework\\src\\Illuminate\\Http\\Middleware\\TrustProxies.php(39): Illuminate\\Pipeline\\Pipeline->Illuminate\\Pipeline\\{closure}()
#41 D:\\WORKAHOLIC\\APPLICATIONS\\CCS\\DEVELOPMENT\\AFC LAB\\v1\\LAB_PROD_CCS\\vendor\\laravel\\framework\\src\\Illuminate\\Pipeline\\Pipeline.php(180): Illuminate\\Http\\Middleware\\TrustProxies->handle()
#42 D:\\WORKAHOLIC\\APPLICATIONS\\CCS\\DEVELOPMENT\\AFC LAB\\v1\\LAB_PROD_CCS\\vendor\\laravel\\framework\\src\\Illuminate\\Pipeline\\Pipeline.php(116): Illuminate\\Pipeline\\Pipeline->Illuminate\\Pipeline\\{closure}()
#43 D:\\WORKAHOLIC\\APPLICATIONS\\CCS\\DEVELOPMENT\\AFC LAB\\v1\\LAB_PROD_CCS\\vendor\\laravel\\framework\\src\\Illuminate\\Foundation\\Http\\Kernel.php(165): Illuminate\\Pipeline\\Pipeline->then()
#44 D:\\WORKAHOLIC\\APPLICATIONS\\CCS\\DEVELOPMENT\\AFC LAB\\v1\\LAB_PROD_CCS\\vendor\\laravel\\framework\\src\\Illuminate\\Foundation\\Http\\Kernel.php(134): Illuminate\\Foundation\\Http\\Kernel->sendRequestThroughRouter()
#45 D:\\WORKAHOLIC\\APPLICATIONS\\CCS\\DEVELOPMENT\\AFC LAB\\v1\\LAB_PROD_CCS\\public\\index.php(51): Illuminate\\Foundation\\Http\\Kernel->handle()
#46 D:\\WORKAHOLIC\\APPLICATIONS\\CCS\\DEVELOPMENT\\AFC LAB\\v1\\LAB_PROD_CCS\\vendor\\laravel\\framework\\src\\Illuminate\\Foundation\\resources\\server.php(16): require_once('...')
#47 {main}

[previous exception] [object] (PDOException(code: 42P01): SQLSTATE[42P01]: Undefined table: 7 ERROR:  missing FROM-clause entry for table \"ti\"
LINE 1: ...inner join \"acq_param\" as \"ap\" on \"ap\".\"acq_id\" = \"ti\".\"acq_...
                                                             ^ at D:\\WORKAHOLIC\\APPLICATIONS\\CCS\\DEVELOPMENT\\AFC LAB\\v1\\LAB_PROD_CCS\\vendor\\laravel\\framework\\src\\Illuminate\\Database\\Connection.php:419)
[stacktrace]
#0 D:\\WORKAHOLIC\\APPLICATIONS\\CCS\\DEVELOPMENT\\AFC LAB\\v1\\LAB_PROD_CCS\\vendor\\laravel\\framework\\src\\Illuminate\\Database\\Connection.php(419): PDOStatement->execute()
#1 D:\\WORKAHOLIC\\APPLICATIONS\\CCS\\DEVELOPMENT\\AFC LAB\\v1\\LAB_PROD_CCS\\vendor\\laravel\\framework\\src\\Illuminate\\Database\\Connection.php(753): Illuminate\\Database\\Connection->Illuminate\\Database\\{closure}()
#2 D:\\WORKAHOLIC\\APPLICATIONS\\CCS\\DEVELOPMENT\\AFC LAB\\v1\\LAB_PROD_CCS\\vendor\\laravel\\framework\\src\\Illuminate\\Database\\Connection.php(720): Illuminate\\Database\\Connection->runQueryCallback()
#3 D:\\WORKAHOLIC\\APPLICATIONS\\CCS\\DEVELOPMENT\\AFC LAB\\v1\\LAB_PROD_CCS\\vendor\\laravel\\framework\\src\\Illuminate\\Database\\Connection.php(405): Illuminate\\Database\\Connection->run()
#4 D:\\WORKAHOLIC\\APPLICATIONS\\CCS\\DEVELOPMENT\\AFC LAB\\v1\\LAB_PROD_CCS\\vendor\\laravel\\framework\\src\\Illuminate\\Database\\Query\\Builder.php(2705): Illuminate\\Database\\Connection->select()
#5 D:\\WORKAHOLIC\\APPLICATIONS\\CCS\\DEVELOPMENT\\AFC LAB\\v1\\LAB_PROD_CCS\\vendor\\laravel\\framework\\src\\Illuminate\\Database\\Query\\Builder.php(2694): Illuminate\\Database\\Query\\Builder->runSelect()
#6 D:\\WORKAHOLIC\\APPLICATIONS\\CCS\\DEVELOPMENT\\AFC LAB\\v1\\LAB_PROD_CCS\\vendor\\laravel\\framework\\src\\Illuminate\\Database\\Query\\Builder.php(3230): Illuminate\\Database\\Query\\Builder->Illuminate\\Database\\Query\\{closure}()
#7 D:\\WORKAHOLIC\\APPLICATIONS\\CCS\\DEVELOPMENT\\AFC LAB\\v1\\LAB_PROD_CCS\\vendor\\laravel\\framework\\src\\Illuminate\\Database\\Query\\Builder.php(2693): Illuminate\\Database\\Query\\Builder->onceWithColumns()
#8 D:\\WORKAHOLIC\\APPLICATIONS\\CCS\\DEVELOPMENT\\AFC LAB\\v1\\LAB_PROD_CCS\\vendor\\laravel\\framework\\src\\Illuminate\\Database\\Concerns\\BuildsQueries.php(296): Illuminate\\Database\\Query\\Builder->get()
#9 D:\\WORKAHOLIC\\APPLICATIONS\\CCS\\DEVELOPMENT\\AFC LAB\\v1\\LAB_PROD_CCS\\app\\Http\\Controllers\\Modules\\Api\\ConfigApi\\V2ConfigApiController.php(707): Illuminate\\Database\\Query\\Builder->first()
#10 D:\\WORKAHOLIC\\APPLICATIONS\\CCS\\DEVELOPMENT\\AFC LAB\\v1\\LAB_PROD_CCS\\app\\Http\\Controllers\\Modules\\Api\\ConfigApi\\V2ConfigApiController.php(23): App\\Http\\Controllers\\Modules\\Api\\ConfigApi\\V2ConfigApiController->getEDCConfig()
#11 D:\\WORKAHOLIC\\APPLICATIONS\\CCS\\DEVELOPMENT\\AFC LAB\\v1\\LAB_PROD_CCS\\vendor\\laravel\\framework\\src\\Illuminate\\Routing\\Controller.php(54): App\\Http\\Controllers\\Modules\\Api\\ConfigApi\\V2ConfigApiController->getConfig()
#12 D:\\WORKAHOLIC\\APPLICATIONS\\CCS\\DEVELOPMENT\\AFC LAB\\v1\\LAB_PROD_CCS\\vendor\\laravel\\framework\\src\\Illuminate\\Routing\\ControllerDispatcher.php(43): Illuminate\\Routing\\Controller->callAction()
#13 D:\\WORKAHOLIC\\APPLICATIONS\\CCS\\DEVELOPMENT\\AFC LAB\\v1\\LAB_PROD_CCS\\vendor\\laravel\\framework\\src\\Illuminate\\Routing\\Route.php(259): Illuminate\\Routing\\ControllerDispatcher->dispatch()
#14 D:\\WORKAHOLIC\\APPLICATIONS\\CCS\\DEVELOPMENT\\AFC LAB\\v1\\LAB_PROD_CCS\\vendor\\laravel\\framework\\src\\Illuminate\\Routing\\Route.php(205): Illuminate\\Routing\\Route->runController()
#15 D:\\WORKAHOLIC\\APPLICATIONS\\CCS\\DEVELOPMENT\\AFC LAB\\v1\\LAB_PROD_CCS\\vendor\\laravel\\framework\\src\\Illuminate\\Routing\\Router.php(798): Illuminate\\Routing\\Route->run()
#16 D:\\WORKAHOLIC\\APPLICATIONS\\CCS\\DEVELOPMENT\\AFC LAB\\v1\\LAB_PROD_CCS\\vendor\\laravel\\framework\\src\\Illuminate\\Pipeline\\Pipeline.php(141): Illuminate\\Routing\\Router->Illuminate\\Routing\\{closure}()
#17 D:\\WORKAHOLIC\\APPLICATIONS\\CCS\\DEVELOPMENT\\AFC LAB\\v1\\LAB_PROD_CCS\\vendor\\laravel\\framework\\src\\Illuminate\\Routing\\Middleware\\SubstituteBindings.php(50): Illuminate\\Pipeline\\Pipeline->Illuminate\\Pipeline\\{closure}()
#18 D:\\WORKAHOLIC\\APPLICATIONS\\CCS\\DEVELOPMENT\\AFC LAB\\v1\\LAB_PROD_CCS\\vendor\\laravel\\framework\\src\\Illuminate\\Pipeline\\Pipeline.php(180): Illuminate\\Routing\\Middleware\\SubstituteBindings->handle()
#19 D:\\WORKAHOLIC\\APPLICATIONS\\CCS\\DEVELOPMENT\\AFC LAB\\v1\\LAB_PROD_CCS\\vendor\\laravel\\framework\\src\\Illuminate\\Routing\\Middleware\\ThrottleRequests.php(126): Illuminate\\Pipeline\\Pipeline->Illuminate\\Pipeline\\{closure}()
#20 D:\\WORKAHOLIC\\APPLICATIONS\\CCS\\DEVELOPMENT\\AFC LAB\\v1\\LAB_PROD_CCS\\vendor\\laravel\\framework\\src\\Illuminate\\Routing\\Middleware\\ThrottleRequests.php(92): Illuminate\\Routing\\Middleware\\ThrottleRequests->handleRequest()
#21 D:\\WORKAHOLIC\\APPLICATIONS\\CCS\\DEVELOPMENT\\AFC LAB\\v1\\LAB_PROD_CCS\\vendor\\laravel\\framework\\src\\Illuminate\\Routing\\Middleware\\ThrottleRequests.php(54): Illuminate\\Routing\\Middleware\\ThrottleRequests->handleRequestUsingNamedLimiter()
#22 D:\\WORKAHOLIC\\APPLICATIONS\\CCS\\DEVELOPMENT\\AFC LAB\\v1\\LAB_PROD_CCS\\vendor\\laravel\\framework\\src\\Illuminate\\Pipeline\\Pipeline.php(180): Illuminate\\Routing\\Middleware\\ThrottleRequests->handle()
#23 D:\\WORKAHOLIC\\APPLICATIONS\\CCS\\DEVELOPMENT\\AFC LAB\\v1\\LAB_PROD_CCS\\vendor\\laravel\\framework\\src\\Illuminate\\Pipeline\\Pipeline.php(116): Illuminate\\Pipeline\\Pipeline->Illuminate\\Pipeline\\{closure}()
#24 D:\\WORKAHOLIC\\APPLICATIONS\\CCS\\DEVELOPMENT\\AFC LAB\\v1\\LAB_PROD_CCS\\vendor\\laravel\\framework\\src\\Illuminate\\Routing\\Router.php(797): Illuminate\\Pipeline\\Pipeline->then()
#25 D:\\WORKAHOLIC\\APPLICATIONS\\CCS\\DEVELOPMENT\\AFC LAB\\v1\\LAB_PROD_CCS\\vendor\\laravel\\framework\\src\\Illuminate\\Routing\\Router.php(776): Illuminate\\Routing\\Router->runRouteWithinStack()
#26 D:\\WORKAHOLIC\\APPLICATIONS\\CCS\\DEVELOPMENT\\AFC LAB\\v1\\LAB_PROD_CCS\\vendor\\laravel\\framework\\src\\Illuminate\\Routing\\Router.php(740): Illuminate\\Routing\\Router->runRoute()
#27 D:\\WORKAHOLIC\\APPLICATIONS\\CCS\\DEVELOPMENT\\AFC LAB\\v1\\LAB_PROD_CCS\\vendor\\laravel\\framework\\src\\Illuminate\\Routing\\Router.php(729): Illuminate\\Routing\\Router->dispatchToRoute()
#28 D:\\WORKAHOLIC\\APPLICATIONS\\CCS\\DEVELOPMENT\\AFC LAB\\v1\\LAB_PROD_CCS\\vendor\\laravel\\framework\\src\\Illuminate\\Foundation\\Http\\Kernel.php(190): Illuminate\\Routing\\Router->dispatch()
#29 D:\\WORKAHOLIC\\APPLICATIONS\\CCS\\DEVELOPMENT\\AFC LAB\\v1\\LAB_PROD_CCS\\vendor\\laravel\\framework\\src\\Illuminate\\Pipeline\\Pipeline.php(141): Illuminate\\Foundation\\Http\\Kernel->Illuminate\\Foundation\\Http\\{closure}()
#30 D:\\WORKAHOLIC\\APPLICATIONS\\CCS\\DEVELOPMENT\\AFC LAB\\v1\\LAB_PROD_CCS\\vendor\\laravel\\framework\\src\\Illuminate\\Foundation\\Http\\Middleware\\TransformsRequest.php(21): Illuminate\\Pipeline\\Pipeline->Illuminate\\Pipeline\\{closure}()
#31 D:\\WORKAHOLIC\\APPLICATIONS\\CCS\\DEVELOPMENT\\AFC LAB\\v1\\LAB_PROD_CCS\\vendor\\laravel\\framework\\src\\Illuminate\\Foundation\\Http\\Middleware\\ConvertEmptyStringsToNull.php(31): Illuminate\\Foundation\\Http\\Middleware\\TransformsRequest->handle()
#32 D:\\WORKAHOLIC\\APPLICATIONS\\CCS\\DEVELOPMENT\\AFC LAB\\v1\\LAB_PROD_CCS\\vendor\\laravel\\framework\\src\\Illuminate\\Pipeline\\Pipeline.php(180): Illuminate\\Foundation\\Http\\Middleware\\ConvertEmptyStringsToNull->handle()
#33 D:\\WORKAHOLIC\\APPLICATIONS\\CCS\\DEVELOPMENT\\AFC LAB\\v1\\LAB_PROD_CCS\\vendor\\laravel\\framework\\src\\Illuminate\\Foundation\\Http\\Middleware\\TransformsRequest.php(21): Illuminate\\Pipeline\\Pipeline->Illuminate\\Pipeline\\{closure}()
#34 D:\\WORKAHOLIC\\APPLICATIONS\\CCS\\DEVELOPMENT\\AFC LAB\\v1\\LAB_PROD_CCS\\vendor\\laravel\\framework\\src\\Illuminate\\Foundation\\Http\\Middleware\\TrimStrings.php(40): Illuminate\\Foundation\\Http\\Middleware\\TransformsRequest->handle()
#35 D:\\WORKAHOLIC\\APPLICATIONS\\CCS\\DEVELOPMENT\\AFC LAB\\v1\\LAB_PROD_CCS\\vendor\\laravel\\framework\\src\\Illuminate\\Pipeline\\Pipeline.php(180): Illuminate\\Foundation\\Http\\Middleware\\TrimStrings->handle()
#36 D:\\WORKAHOLIC\\APPLICATIONS\\CCS\\DEVELOPMENT\\AFC LAB\\v1\\LAB_PROD_CCS\\vendor\\laravel\\framework\\src\\Illuminate\\Foundation\\Http\\Middleware\\ValidatePostSize.php(27): Illuminate\\Pipeline\\Pipeline->Illuminate\\Pipeline\\{closure}()
#37 D:\\WORKAHOLIC\\APPLICATIONS\\CCS\\DEVELOPMENT\\AFC LAB\\v1\\LAB_PROD_CCS\\vendor\\laravel\\framework\\src\\Illuminate\\Pipeline\\Pipeline.php(180): Illuminate\\Foundation\\Http\\Middleware\\ValidatePostSize->handle()
#38 D:\\WORKAHOLIC\\APPLICATIONS\\CCS\\DEVELOPMENT\\AFC LAB\\v1\\LAB_PROD_CCS\\vendor\\laravel\\framework\\src\\Illuminate\\Foundation\\Http\\Middleware\\PreventRequestsDuringMaintenance.php(86): Illuminate\\Pipeline\\Pipeline->Illuminate\\Pipeline\\{closure}()
#39 D:\\WORKAHOLIC\\APPLICATIONS\\CCS\\DEVELOPMENT\\AFC LAB\\v1\\LAB_PROD_CCS\\vendor\\laravel\\framework\\src\\Illuminate\\Pipeline\\Pipeline.php(180): Illuminate\\Foundation\\Http\\Middleware\\PreventRequestsDuringMaintenance->handle()
#40 D:\\WORKAHOLIC\\APPLICATIONS\\CCS\\DEVELOPMENT\\AFC LAB\\v1\\LAB_PROD_CCS\\vendor\\laravel\\framework\\src\\Illuminate\\Http\\Middleware\\HandleCors.php(62): Illuminate\\Pipeline\\Pipeline->Illuminate\\Pipeline\\{closure}()
#41 D:\\WORKAHOLIC\\APPLICATIONS\\CCS\\DEVELOPMENT\\AFC LAB\\v1\\LAB_PROD_CCS\\vendor\\laravel\\framework\\src\\Illuminate\\Pipeline\\Pipeline.php(180): Illuminate\\Http\\Middleware\\HandleCors->handle()
#42 D:\\WORKAHOLIC\\APPLICATIONS\\CCS\\DEVELOPMENT\\AFC LAB\\v1\\LAB_PROD_CCS\\vendor\\laravel\\framework\\src\\Illuminate\\Http\\Middleware\\TrustProxies.php(39): Illuminate\\Pipeline\\Pipeline->Illuminate\\Pipeline\\{closure}()
#43 D:\\WORKAHOLIC\\APPLICATIONS\\CCS\\DEVELOPMENT\\AFC LAB\\v1\\LAB_PROD_CCS\\vendor\\laravel\\framework\\src\\Illuminate\\Pipeline\\Pipeline.php(180): Illuminate\\Http\\Middleware\\TrustProxies->handle()
#44 D:\\WORKAHOLIC\\APPLICATIONS\\CCS\\DEVELOPMENT\\AFC LAB\\v1\\LAB_PROD_CCS\\vendor\\laravel\\framework\\src\\Illuminate\\Pipeline\\Pipeline.php(116): Illuminate\\Pipeline\\Pipeline->Illuminate\\Pipeline\\{closure}()
#45 D:\\WORKAHOLIC\\APPLICATIONS\\CCS\\DEVELOPMENT\\AFC LAB\\v1\\LAB_PROD_CCS\\vendor\\laravel\\framework\\src\\Illuminate\\Foundation\\Http\\Kernel.php(165): Illuminate\\Pipeline\\Pipeline->then()
#46 D:\\WORKAHOLIC\\APPLICATIONS\\CCS\\DEVELOPMENT\\AFC LAB\\v1\\LAB_PROD_CCS\\vendor\\laravel\\framework\\src\\Illuminate\\Foundation\\Http\\Kernel.php(134): Illuminate\\Foundation\\Http\\Kernel->sendRequestThroughRouter()
#47 D:\\WORKAHOLIC\\APPLICATIONS\\CCS\\DEVELOPMENT\\AFC LAB\\v1\\LAB_PROD_CCS\\public\\index.php(51): Illuminate\\Foundation\\Http\\Kernel->handle()
#48 D:\\WORKAHOLIC\\APPLICATIONS\\CCS\\DEVELOPMENT\\AFC LAB\\v1\\LAB_PROD_CCS\\vendor\\laravel\\framework\\src\\Illuminate\\Foundation\\resources\\server.php(16): require_once('...')
#49 {main}
"} 
