[2025-08-14 16:48:55] production.ERROR: SQLSTATE[08006] [7] connection to server at "localhost" (::1), port 5432 failed: FATAL:  database "ol_atek_ccs_lab" does not exist (SQL: select count(*) as aggregate from "user_inventory" where "user_role_id" = 1 and "user_login" = 1802 and "user_pwd" = 1802) {"exception":"[object] (Illuminate\\Database\\QueryException(code: 7): SQLSTATE[08006] [7] connection to server at \"localhost\" (::1), port 5432 failed: FATAL:  database \"ol_atek_ccs_lab\" does not exist (SQL: select count(*) as aggregate from \"user_inventory\" where \"user_role_id\" = 1 and \"user_login\" = 1802 and \"user_pwd\" = 1802) at D:\\WORKAHOLIC\\APPLICATIONS\\CCS\\DEVELOPMENT\\AFC LAB\\v1\\LAB_PROD_CCS\\vendor\\laravel\\framework\\src\\Illuminate\\Database\\Connection.php:760)
[stacktrace]
#0 D:\\WORKAHOLIC\\APPLICATIONS\\CCS\\DEVELOPMENT\\AFC LAB\\v1\\LAB_PROD_CCS\\vendor\\laravel\\framework\\src\\Illuminate\\Database\\Connection.php(720): Illuminate\\Database\\Connection->runQueryCallback()
#1 D:\\WORKAHOLIC\\APPLICATIONS\\CCS\\DEVELOPMENT\\AFC LAB\\v1\\LAB_PROD_CCS\\vendor\\laravel\\framework\\src\\Illuminate\\Database\\Connection.php(405): Illuminate\\Database\\Connection->run()
#2 D:\\WORKAHOLIC\\APPLICATIONS\\CCS\\DEVELOPMENT\\AFC LAB\\v1\\LAB_PROD_CCS\\vendor\\laravel\\framework\\src\\Illuminate\\Database\\Query\\Builder.php(2705): Illuminate\\Database\\Connection->select()
#3 D:\\WORKAHOLIC\\APPLICATIONS\\CCS\\DEVELOPMENT\\AFC LAB\\v1\\LAB_PROD_CCS\\vendor\\laravel\\framework\\src\\Illuminate\\Database\\Query\\Builder.php(2694): Illuminate\\Database\\Query\\Builder->runSelect()
#4 D:\\WORKAHOLIC\\APPLICATIONS\\CCS\\DEVELOPMENT\\AFC LAB\\v1\\LAB_PROD_CCS\\vendor\\laravel\\framework\\src\\Illuminate\\Database\\Query\\Builder.php(3230): Illuminate\\Database\\Query\\Builder->Illuminate\\Database\\Query\\{closure}()
#5 D:\\WORKAHOLIC\\APPLICATIONS\\CCS\\DEVELOPMENT\\AFC LAB\\v1\\LAB_PROD_CCS\\vendor\\laravel\\framework\\src\\Illuminate\\Database\\Query\\Builder.php(2693): Illuminate\\Database\\Query\\Builder->onceWithColumns()
#6 D:\\WORKAHOLIC\\APPLICATIONS\\CCS\\DEVELOPMENT\\AFC LAB\\v1\\LAB_PROD_CCS\\vendor\\laravel\\framework\\src\\Illuminate\\Database\\Query\\Builder.php(3157): Illuminate\\Database\\Query\\Builder->get()
#7 D:\\WORKAHOLIC\\APPLICATIONS\\CCS\\DEVELOPMENT\\AFC LAB\\v1\\LAB_PROD_CCS\\vendor\\laravel\\framework\\src\\Illuminate\\Database\\Query\\Builder.php(3085): Illuminate\\Database\\Query\\Builder->aggregate()
#8 D:\\WORKAHOLIC\\APPLICATIONS\\CCS\\DEVELOPMENT\\AFC LAB\\v1\\LAB_PROD_CCS\\app\\Http\\Controllers\\Modules\\Authentication\\LoginController.php(33): Illuminate\\Database\\Query\\Builder->count()
#9 D:\\WORKAHOLIC\\APPLICATIONS\\CCS\\DEVELOPMENT\\AFC LAB\\v1\\LAB_PROD_CCS\\vendor\\laravel\\framework\\src\\Illuminate\\Routing\\Controller.php(54): App\\Http\\Controllers\\Modules\\Authentication\\LoginController->verify()
#10 D:\\WORKAHOLIC\\APPLICATIONS\\CCS\\DEVELOPMENT\\AFC LAB\\v1\\LAB_PROD_CCS\\vendor\\laravel\\framework\\src\\Illuminate\\Routing\\ControllerDispatcher.php(43): Illuminate\\Routing\\Controller->callAction()
#11 D:\\WORKAHOLIC\\APPLICATIONS\\CCS\\DEVELOPMENT\\AFC LAB\\v1\\LAB_PROD_CCS\\vendor\\laravel\\framework\\src\\Illuminate\\Routing\\Route.php(259): Illuminate\\Routing\\ControllerDispatcher->dispatch()
#12 D:\\WORKAHOLIC\\APPLICATIONS\\CCS\\DEVELOPMENT\\AFC LAB\\v1\\LAB_PROD_CCS\\vendor\\laravel\\framework\\src\\Illuminate\\Routing\\Route.php(205): Illuminate\\Routing\\Route->runController()
#13 D:\\WORKAHOLIC\\APPLICATIONS\\CCS\\DEVELOPMENT\\AFC LAB\\v1\\LAB_PROD_CCS\\vendor\\laravel\\framework\\src\\Illuminate\\Routing\\Router.php(798): Illuminate\\Routing\\Route->run()
#14 D:\\WORKAHOLIC\\APPLICATIONS\\CCS\\DEVELOPMENT\\AFC LAB\\v1\\LAB_PROD_CCS\\vendor\\laravel\\framework\\src\\Illuminate\\Pipeline\\Pipeline.php(141): Illuminate\\Routing\\Router->Illuminate\\Routing\\{closure}()
#15 D:\\WORKAHOLIC\\APPLICATIONS\\CCS\\DEVELOPMENT\\AFC LAB\\v1\\LAB_PROD_CCS\\vendor\\inertiajs\\inertia-laravel\\src\\Middleware.php(87): Illuminate\\Pipeline\\Pipeline->Illuminate\\Pipeline\\{closure}()
#16 D:\\WORKAHOLIC\\APPLICATIONS\\CCS\\DEVELOPMENT\\AFC LAB\\v1\\LAB_PROD_CCS\\vendor\\laravel\\framework\\src\\Illuminate\\Pipeline\\Pipeline.php(180): Inertia\\Middleware->handle()
#17 D:\\WORKAHOLIC\\APPLICATIONS\\CCS\\DEVELOPMENT\\AFC LAB\\v1\\LAB_PROD_CCS\\vendor\\laravel\\framework\\src\\Illuminate\\Routing\\Middleware\\SubstituteBindings.php(50): Illuminate\\Pipeline\\Pipeline->Illuminate\\Pipeline\\{closure}()
#18 D:\\WORKAHOLIC\\APPLICATIONS\\CCS\\DEVELOPMENT\\AFC LAB\\v1\\LAB_PROD_CCS\\vendor\\laravel\\framework\\src\\Illuminate\\Pipeline\\Pipeline.php(180): Illuminate\\Routing\\Middleware\\SubstituteBindings->handle()
#19 D:\\WORKAHOLIC\\APPLICATIONS\\CCS\\DEVELOPMENT\\AFC LAB\\v1\\LAB_PROD_CCS\\vendor\\laravel\\framework\\src\\Illuminate\\Foundation\\Http\\Middleware\\VerifyCsrfToken.php(78): Illuminate\\Pipeline\\Pipeline->Illuminate\\Pipeline\\{closure}()
#20 D:\\WORKAHOLIC\\APPLICATIONS\\CCS\\DEVELOPMENT\\AFC LAB\\v1\\LAB_PROD_CCS\\vendor\\laravel\\framework\\src\\Illuminate\\Pipeline\\Pipeline.php(180): Illuminate\\Foundation\\Http\\Middleware\\VerifyCsrfToken->handle()
#21 D:\\WORKAHOLIC\\APPLICATIONS\\CCS\\DEVELOPMENT\\AFC LAB\\v1\\LAB_PROD_CCS\\vendor\\laravel\\framework\\src\\Illuminate\\View\\Middleware\\ShareErrorsFromSession.php(49): Illuminate\\Pipeline\\Pipeline->Illuminate\\Pipeline\\{closure}()
#22 D:\\WORKAHOLIC\\APPLICATIONS\\CCS\\DEVELOPMENT\\AFC LAB\\v1\\LAB_PROD_CCS\\vendor\\laravel\\framework\\src\\Illuminate\\Pipeline\\Pipeline.php(180): Illuminate\\View\\Middleware\\ShareErrorsFromSession->handle()
#23 D:\\WORKAHOLIC\\APPLICATIONS\\CCS\\DEVELOPMENT\\AFC LAB\\v1\\LAB_PROD_CCS\\vendor\\laravel\\framework\\src\\Illuminate\\Session\\Middleware\\StartSession.php(121): Illuminate\\Pipeline\\Pipeline->Illuminate\\Pipeline\\{closure}()
#24 D:\\WORKAHOLIC\\APPLICATIONS\\CCS\\DEVELOPMENT\\AFC LAB\\v1\\LAB_PROD_CCS\\vendor\\laravel\\framework\\src\\Illuminate\\Session\\Middleware\\StartSession.php(64): Illuminate\\Session\\Middleware\\StartSession->handleStatefulRequest()
#25 D:\\WORKAHOLIC\\APPLICATIONS\\CCS\\DEVELOPMENT\\AFC LAB\\v1\\LAB_PROD_CCS\\vendor\\laravel\\framework\\src\\Illuminate\\Pipeline\\Pipeline.php(180): Illuminate\\Session\\Middleware\\StartSession->handle()
#26 D:\\WORKAHOLIC\\APPLICATIONS\\CCS\\DEVELOPMENT\\AFC LAB\\v1\\LAB_PROD_CCS\\vendor\\laravel\\framework\\src\\Illuminate\\Cookie\\Middleware\\AddQueuedCookiesToResponse.php(37): Illuminate\\Pipeline\\Pipeline->Illuminate\\Pipeline\\{closure}()
#27 D:\\WORKAHOLIC\\APPLICATIONS\\CCS\\DEVELOPMENT\\AFC LAB\\v1\\LAB_PROD_CCS\\vendor\\laravel\\framework\\src\\Illuminate\\Pipeline\\Pipeline.php(180): Illuminate\\Cookie\\Middleware\\AddQueuedCookiesToResponse->handle()
#28 D:\\WORKAHOLIC\\APPLICATIONS\\CCS\\DEVELOPMENT\\AFC LAB\\v1\\LAB_PROD_CCS\\vendor\\laravel\\framework\\src\\Illuminate\\Cookie\\Middleware\\EncryptCookies.php(67): Illuminate\\Pipeline\\Pipeline->Illuminate\\Pipeline\\{closure}()
#29 D:\\WORKAHOLIC\\APPLICATIONS\\CCS\\DEVELOPMENT\\AFC LAB\\v1\\LAB_PROD_CCS\\vendor\\laravel\\framework\\src\\Illuminate\\Pipeline\\Pipeline.php(180): Illuminate\\Cookie\\Middleware\\EncryptCookies->handle()
#30 D:\\WORKAHOLIC\\APPLICATIONS\\CCS\\DEVELOPMENT\\AFC LAB\\v1\\LAB_PROD_CCS\\vendor\\laravel\\framework\\src\\Illuminate\\Pipeline\\Pipeline.php(116): Illuminate\\Pipeline\\Pipeline->Illuminate\\Pipeline\\{closure}()
#31 D:\\WORKAHOLIC\\APPLICATIONS\\CCS\\DEVELOPMENT\\AFC LAB\\v1\\LAB_PROD_CCS\\vendor\\laravel\\framework\\src\\Illuminate\\Routing\\Router.php(797): Illuminate\\Pipeline\\Pipeline->then()
#32 D:\\WORKAHOLIC\\APPLICATIONS\\CCS\\DEVELOPMENT\\AFC LAB\\v1\\LAB_PROD_CCS\\vendor\\laravel\\framework\\src\\Illuminate\\Routing\\Router.php(776): Illuminate\\Routing\\Router->runRouteWithinStack()
#33 D:\\WORKAHOLIC\\APPLICATIONS\\CCS\\DEVELOPMENT\\AFC LAB\\v1\\LAB_PROD_CCS\\vendor\\laravel\\framework\\src\\Illuminate\\Routing\\Router.php(740): Illuminate\\Routing\\Router->runRoute()
#34 D:\\WORKAHOLIC\\APPLICATIONS\\CCS\\DEVELOPMENT\\AFC LAB\\v1\\LAB_PROD_CCS\\vendor\\laravel\\framework\\src\\Illuminate\\Routing\\Router.php(729): Illuminate\\Routing\\Router->dispatchToRoute()
#35 D:\\WORKAHOLIC\\APPLICATIONS\\CCS\\DEVELOPMENT\\AFC LAB\\v1\\LAB_PROD_CCS\\vendor\\laravel\\framework\\src\\Illuminate\\Foundation\\Http\\Kernel.php(190): Illuminate\\Routing\\Router->dispatch()
#36 D:\\WORKAHOLIC\\APPLICATIONS\\CCS\\DEVELOPMENT\\AFC LAB\\v1\\LAB_PROD_CCS\\vendor\\laravel\\framework\\src\\Illuminate\\Pipeline\\Pipeline.php(141): Illuminate\\Foundation\\Http\\Kernel->Illuminate\\Foundation\\Http\\{closure}()
#37 D:\\WORKAHOLIC\\APPLICATIONS\\CCS\\DEVELOPMENT\\AFC LAB\\v1\\LAB_PROD_CCS\\vendor\\laravel\\framework\\src\\Illuminate\\Foundation\\Http\\Middleware\\TransformsRequest.php(21): Illuminate\\Pipeline\\Pipeline->Illuminate\\Pipeline\\{closure}()
#38 D:\\WORKAHOLIC\\APPLICATIONS\\CCS\\DEVELOPMENT\\AFC LAB\\v1\\LAB_PROD_CCS\\vendor\\laravel\\framework\\src\\Illuminate\\Foundation\\Http\\Middleware\\ConvertEmptyStringsToNull.php(31): Illuminate\\Foundation\\Http\\Middleware\\TransformsRequest->handle()
#39 D:\\WORKAHOLIC\\APPLICATIONS\\CCS\\DEVELOPMENT\\AFC LAB\\v1\\LAB_PROD_CCS\\vendor\\laravel\\framework\\src\\Illuminate\\Pipeline\\Pipeline.php(180): Illuminate\\Foundation\\Http\\Middleware\\ConvertEmptyStringsToNull->handle()
#40 D:\\WORKAHOLIC\\APPLICATIONS\\CCS\\DEVELOPMENT\\AFC LAB\\v1\\LAB_PROD_CCS\\vendor\\laravel\\framework\\src\\Illuminate\\Foundation\\Http\\Middleware\\TransformsRequest.php(21): Illuminate\\Pipeline\\Pipeline->Illuminate\\Pipeline\\{closure}()
#41 D:\\WORKAHOLIC\\APPLICATIONS\\CCS\\DEVELOPMENT\\AFC LAB\\v1\\LAB_PROD_CCS\\vendor\\laravel\\framework\\src\\Illuminate\\Foundation\\Http\\Middleware\\TrimStrings.php(40): Illuminate\\Foundation\\Http\\Middleware\\TransformsRequest->handle()
#42 D:\\WORKAHOLIC\\APPLICATIONS\\CCS\\DEVELOPMENT\\AFC LAB\\v1\\LAB_PROD_CCS\\vendor\\laravel\\framework\\src\\Illuminate\\Pipeline\\Pipeline.php(180): Illuminate\\Foundation\\Http\\Middleware\\TrimStrings->handle()
#43 D:\\WORKAHOLIC\\APPLICATIONS\\CCS\\DEVELOPMENT\\AFC LAB\\v1\\LAB_PROD_CCS\\vendor\\laravel\\framework\\src\\Illuminate\\Foundation\\Http\\Middleware\\ValidatePostSize.php(27): Illuminate\\Pipeline\\Pipeline->Illuminate\\Pipeline\\{closure}()
#44 D:\\WORKAHOLIC\\APPLICATIONS\\CCS\\DEVELOPMENT\\AFC LAB\\v1\\LAB_PROD_CCS\\vendor\\laravel\\framework\\src\\Illuminate\\Pipeline\\Pipeline.php(180): Illuminate\\Foundation\\Http\\Middleware\\ValidatePostSize->handle()
#45 D:\\WORKAHOLIC\\APPLICATIONS\\CCS\\DEVELOPMENT\\AFC LAB\\v1\\LAB_PROD_CCS\\vendor\\laravel\\framework\\src\\Illuminate\\Foundation\\Http\\Middleware\\PreventRequestsDuringMaintenance.php(86): Illuminate\\Pipeline\\Pipeline->Illuminate\\Pipeline\\{closure}()
#46 D:\\WORKAHOLIC\\APPLICATIONS\\CCS\\DEVELOPMENT\\AFC LAB\\v1\\LAB_PROD_CCS\\vendor\\laravel\\framework\\src\\Illuminate\\Pipeline\\Pipeline.php(180): Illuminate\\Foundation\\Http\\Middleware\\PreventRequestsDuringMaintenance->handle()
#47 D:\\WORKAHOLIC\\APPLICATIONS\\CCS\\DEVELOPMENT\\AFC LAB\\v1\\LAB_PROD_CCS\\vendor\\laravel\\framework\\src\\Illuminate\\Http\\Middleware\\HandleCors.php(49): Illuminate\\Pipeline\\Pipeline->Illuminate\\Pipeline\\{closure}()
#48 D:\\WORKAHOLIC\\APPLICATIONS\\CCS\\DEVELOPMENT\\AFC LAB\\v1\\LAB_PROD_CCS\\vendor\\laravel\\framework\\src\\Illuminate\\Pipeline\\Pipeline.php(180): Illuminate\\Http\\Middleware\\HandleCors->handle()
#49 D:\\WORKAHOLIC\\APPLICATIONS\\CCS\\DEVELOPMENT\\AFC LAB\\v1\\LAB_PROD_CCS\\vendor\\laravel\\framework\\src\\Illuminate\\Http\\Middleware\\TrustProxies.php(39): Illuminate\\Pipeline\\Pipeline->Illuminate\\Pipeline\\{closure}()
#50 D:\\WORKAHOLIC\\APPLICATIONS\\CCS\\DEVELOPMENT\\AFC LAB\\v1\\LAB_PROD_CCS\\vendor\\laravel\\framework\\src\\Illuminate\\Pipeline\\Pipeline.php(180): Illuminate\\Http\\Middleware\\TrustProxies->handle()
#51 D:\\WORKAHOLIC\\APPLICATIONS\\CCS\\DEVELOPMENT\\AFC LAB\\v1\\LAB_PROD_CCS\\vendor\\laravel\\framework\\src\\Illuminate\\Pipeline\\Pipeline.php(116): Illuminate\\Pipeline\\Pipeline->Illuminate\\Pipeline\\{closure}()
#52 D:\\WORKAHOLIC\\APPLICATIONS\\CCS\\DEVELOPMENT\\AFC LAB\\v1\\LAB_PROD_CCS\\vendor\\laravel\\framework\\src\\Illuminate\\Foundation\\Http\\Kernel.php(165): Illuminate\\Pipeline\\Pipeline->then()
#53 D:\\WORKAHOLIC\\APPLICATIONS\\CCS\\DEVELOPMENT\\AFC LAB\\v1\\LAB_PROD_CCS\\vendor\\laravel\\framework\\src\\Illuminate\\Foundation\\Http\\Kernel.php(134): Illuminate\\Foundation\\Http\\Kernel->sendRequestThroughRouter()
#54 D:\\WORKAHOLIC\\APPLICATIONS\\CCS\\DEVELOPMENT\\AFC LAB\\v1\\LAB_PROD_CCS\\public\\index.php(51): Illuminate\\Foundation\\Http\\Kernel->handle()
#55 D:\\WORKAHOLIC\\APPLICATIONS\\CCS\\DEVELOPMENT\\AFC LAB\\v1\\LAB_PROD_CCS\\vendor\\laravel\\framework\\src\\Illuminate\\Foundation\\resources\\server.php(16): require_once('...')
#56 {main}

[previous exception] [object] (PDOException(code: 7): SQLSTATE[08006] [7] connection to server at \"localhost\" (::1), port 5432 failed: FATAL:  database \"ol_atek_ccs_lab\" does not exist at D:\\WORKAHOLIC\\APPLICATIONS\\CCS\\DEVELOPMENT\\AFC LAB\\v1\\LAB_PROD_CCS\\vendor\\laravel\\framework\\src\\Illuminate\\Database\\Connectors\\Connector.php:70)
[stacktrace]
#0 D:\\WORKAHOLIC\\APPLICATIONS\\CCS\\DEVELOPMENT\\AFC LAB\\v1\\LAB_PROD_CCS\\vendor\\laravel\\framework\\src\\Illuminate\\Database\\Connectors\\Connector.php(70): PDO->__construct()
#1 D:\\WORKAHOLIC\\APPLICATIONS\\CCS\\DEVELOPMENT\\AFC LAB\\v1\\LAB_PROD_CCS\\vendor\\laravel\\framework\\src\\Illuminate\\Database\\Connectors\\Connector.php(45): Illuminate\\Database\\Connectors\\Connector->createPdoConnection()
#2 D:\\WORKAHOLIC\\APPLICATIONS\\CCS\\DEVELOPMENT\\AFC LAB\\v1\\LAB_PROD_CCS\\vendor\\laravel\\framework\\src\\Illuminate\\Database\\Connectors\\PostgresConnector.php(35): Illuminate\\Database\\Connectors\\Connector->createConnection()
#3 D:\\WORKAHOLIC\\APPLICATIONS\\CCS\\DEVELOPMENT\\AFC LAB\\v1\\LAB_PROD_CCS\\vendor\\laravel\\framework\\src\\Illuminate\\Database\\Connectors\\ConnectionFactory.php(184): Illuminate\\Database\\Connectors\\PostgresConnector->connect()
#4 [internal function]: Illuminate\\Database\\Connectors\\ConnectionFactory->Illuminate\\Database\\Connectors\\{closure}()
#5 D:\\WORKAHOLIC\\APPLICATIONS\\CCS\\DEVELOPMENT\\AFC LAB\\v1\\LAB_PROD_CCS\\vendor\\laravel\\framework\\src\\Illuminate\\Database\\Connection.php(1181): call_user_func()
#6 D:\\WORKAHOLIC\\APPLICATIONS\\CCS\\DEVELOPMENT\\AFC LAB\\v1\\LAB_PROD_CCS\\vendor\\laravel\\framework\\src\\Illuminate\\Database\\Connection.php(1217): Illuminate\\Database\\Connection->getPdo()
#7 D:\\WORKAHOLIC\\APPLICATIONS\\CCS\\DEVELOPMENT\\AFC LAB\\v1\\LAB_PROD_CCS\\vendor\\laravel\\framework\\src\\Illuminate\\Database\\Connection.php(486): Illuminate\\Database\\Connection->getReadPdo()
#8 D:\\WORKAHOLIC\\APPLICATIONS\\CCS\\DEVELOPMENT\\AFC LAB\\v1\\LAB_PROD_CCS\\vendor\\laravel\\framework\\src\\Illuminate\\Database\\Connection.php(414): Illuminate\\Database\\Connection->getPdoForSelect()
#9 D:\\WORKAHOLIC\\APPLICATIONS\\CCS\\DEVELOPMENT\\AFC LAB\\v1\\LAB_PROD_CCS\\vendor\\laravel\\framework\\src\\Illuminate\\Database\\Connection.php(753): Illuminate\\Database\\Connection->Illuminate\\Database\\{closure}()
#10 D:\\WORKAHOLIC\\APPLICATIONS\\CCS\\DEVELOPMENT\\AFC LAB\\v1\\LAB_PROD_CCS\\vendor\\laravel\\framework\\src\\Illuminate\\Database\\Connection.php(720): Illuminate\\Database\\Connection->runQueryCallback()
#11 D:\\WORKAHOLIC\\APPLICATIONS\\CCS\\DEVELOPMENT\\AFC LAB\\v1\\LAB_PROD_CCS\\vendor\\laravel\\framework\\src\\Illuminate\\Database\\Connection.php(405): Illuminate\\Database\\Connection->run()
#12 D:\\WORKAHOLIC\\APPLICATIONS\\CCS\\DEVELOPMENT\\AFC LAB\\v1\\LAB_PROD_CCS\\vendor\\laravel\\framework\\src\\Illuminate\\Database\\Query\\Builder.php(2705): Illuminate\\Database\\Connection->select()
#13 D:\\WORKAHOLIC\\APPLICATIONS\\CCS\\DEVELOPMENT\\AFC LAB\\v1\\LAB_PROD_CCS\\vendor\\laravel\\framework\\src\\Illuminate\\Database\\Query\\Builder.php(2694): Illuminate\\Database\\Query\\Builder->runSelect()
#14 D:\\WORKAHOLIC\\APPLICATIONS\\CCS\\DEVELOPMENT\\AFC LAB\\v1\\LAB_PROD_CCS\\vendor\\laravel\\framework\\src\\Illuminate\\Database\\Query\\Builder.php(3230): Illuminate\\Database\\Query\\Builder->Illuminate\\Database\\Query\\{closure}()
#15 D:\\WORKAHOLIC\\APPLICATIONS\\CCS\\DEVELOPMENT\\AFC LAB\\v1\\LAB_PROD_CCS\\vendor\\laravel\\framework\\src\\Illuminate\\Database\\Query\\Builder.php(2693): Illuminate\\Database\\Query\\Builder->onceWithColumns()
#16 D:\\WORKAHOLIC\\APPLICATIONS\\CCS\\DEVELOPMENT\\AFC LAB\\v1\\LAB_PROD_CCS\\vendor\\laravel\\framework\\src\\Illuminate\\Database\\Query\\Builder.php(3157): Illuminate\\Database\\Query\\Builder->get()
#17 D:\\WORKAHOLIC\\APPLICATIONS\\CCS\\DEVELOPMENT\\AFC LAB\\v1\\LAB_PROD_CCS\\vendor\\laravel\\framework\\src\\Illuminate\\Database\\Query\\Builder.php(3085): Illuminate\\Database\\Query\\Builder->aggregate()
#18 D:\\WORKAHOLIC\\APPLICATIONS\\CCS\\DEVELOPMENT\\AFC LAB\\v1\\LAB_PROD_CCS\\app\\Http\\Controllers\\Modules\\Authentication\\LoginController.php(33): Illuminate\\Database\\Query\\Builder->count()
#19 D:\\WORKAHOLIC\\APPLICATIONS\\CCS\\DEVELOPMENT\\AFC LAB\\v1\\LAB_PROD_CCS\\vendor\\laravel\\framework\\src\\Illuminate\\Routing\\Controller.php(54): App\\Http\\Controllers\\Modules\\Authentication\\LoginController->verify()
#20 D:\\WORKAHOLIC\\APPLICATIONS\\CCS\\DEVELOPMENT\\AFC LAB\\v1\\LAB_PROD_CCS\\vendor\\laravel\\framework\\src\\Illuminate\\Routing\\ControllerDispatcher.php(43): Illuminate\\Routing\\Controller->callAction()
#21 D:\\WORKAHOLIC\\APPLICATIONS\\CCS\\DEVELOPMENT\\AFC LAB\\v1\\LAB_PROD_CCS\\vendor\\laravel\\framework\\src\\Illuminate\\Routing\\Route.php(259): Illuminate\\Routing\\ControllerDispatcher->dispatch()
#22 D:\\WORKAHOLIC\\APPLICATIONS\\CCS\\DEVELOPMENT\\AFC LAB\\v1\\LAB_PROD_CCS\\vendor\\laravel\\framework\\src\\Illuminate\\Routing\\Route.php(205): Illuminate\\Routing\\Route->runController()
#23 D:\\WORKAHOLIC\\APPLICATIONS\\CCS\\DEVELOPMENT\\AFC LAB\\v1\\LAB_PROD_CCS\\vendor\\laravel\\framework\\src\\Illuminate\\Routing\\Router.php(798): Illuminate\\Routing\\Route->run()
#24 D:\\WORKAHOLIC\\APPLICATIONS\\CCS\\DEVELOPMENT\\AFC LAB\\v1\\LAB_PROD_CCS\\vendor\\laravel\\framework\\src\\Illuminate\\Pipeline\\Pipeline.php(141): Illuminate\\Routing\\Router->Illuminate\\Routing\\{closure}()
#25 D:\\WORKAHOLIC\\APPLICATIONS\\CCS\\DEVELOPMENT\\AFC LAB\\v1\\LAB_PROD_CCS\\vendor\\inertiajs\\inertia-laravel\\src\\Middleware.php(87): Illuminate\\Pipeline\\Pipeline->Illuminate\\Pipeline\\{closure}()
#26 D:\\WORKAHOLIC\\APPLICATIONS\\CCS\\DEVELOPMENT\\AFC LAB\\v1\\LAB_PROD_CCS\\vendor\\laravel\\framework\\src\\Illuminate\\Pipeline\\Pipeline.php(180): Inertia\\Middleware->handle()
#27 D:\\WORKAHOLIC\\APPLICATIONS\\CCS\\DEVELOPMENT\\AFC LAB\\v1\\LAB_PROD_CCS\\vendor\\laravel\\framework\\src\\Illuminate\\Routing\\Middleware\\SubstituteBindings.php(50): Illuminate\\Pipeline\\Pipeline->Illuminate\\Pipeline\\{closure}()
#28 D:\\WORKAHOLIC\\APPLICATIONS\\CCS\\DEVELOPMENT\\AFC LAB\\v1\\LAB_PROD_CCS\\vendor\\laravel\\framework\\src\\Illuminate\\Pipeline\\Pipeline.php(180): Illuminate\\Routing\\Middleware\\SubstituteBindings->handle()
#29 D:\\WORKAHOLIC\\APPLICATIONS\\CCS\\DEVELOPMENT\\AFC LAB\\v1\\LAB_PROD_CCS\\vendor\\laravel\\framework\\src\\Illuminate\\Foundation\\Http\\Middleware\\VerifyCsrfToken.php(78): Illuminate\\Pipeline\\Pipeline->Illuminate\\Pipeline\\{closure}()
#30 D:\\WORKAHOLIC\\APPLICATIONS\\CCS\\DEVELOPMENT\\AFC LAB\\v1\\LAB_PROD_CCS\\vendor\\laravel\\framework\\src\\Illuminate\\Pipeline\\Pipeline.php(180): Illuminate\\Foundation\\Http\\Middleware\\VerifyCsrfToken->handle()
#31 D:\\WORKAHOLIC\\APPLICATIONS\\CCS\\DEVELOPMENT\\AFC LAB\\v1\\LAB_PROD_CCS\\vendor\\laravel\\framework\\src\\Illuminate\\View\\Middleware\\ShareErrorsFromSession.php(49): Illuminate\\Pipeline\\Pipeline->Illuminate\\Pipeline\\{closure}()
#32 D:\\WORKAHOLIC\\APPLICATIONS\\CCS\\DEVELOPMENT\\AFC LAB\\v1\\LAB_PROD_CCS\\vendor\\laravel\\framework\\src\\Illuminate\\Pipeline\\Pipeline.php(180): Illuminate\\View\\Middleware\\ShareErrorsFromSession->handle()
#33 D:\\WORKAHOLIC\\APPLICATIONS\\CCS\\DEVELOPMENT\\AFC LAB\\v1\\LAB_PROD_CCS\\vendor\\laravel\\framework\\src\\Illuminate\\Session\\Middleware\\StartSession.php(121): Illuminate\\Pipeline\\Pipeline->Illuminate\\Pipeline\\{closure}()
#34 D:\\WORKAHOLIC\\APPLICATIONS\\CCS\\DEVELOPMENT\\AFC LAB\\v1\\LAB_PROD_CCS\\vendor\\laravel\\framework\\src\\Illuminate\\Session\\Middleware\\StartSession.php(64): Illuminate\\Session\\Middleware\\StartSession->handleStatefulRequest()
#35 D:\\WORKAHOLIC\\APPLICATIONS\\CCS\\DEVELOPMENT\\AFC LAB\\v1\\LAB_PROD_CCS\\vendor\\laravel\\framework\\src\\Illuminate\\Pipeline\\Pipeline.php(180): Illuminate\\Session\\Middleware\\StartSession->handle()
#36 D:\\WORKAHOLIC\\APPLICATIONS\\CCS\\DEVELOPMENT\\AFC LAB\\v1\\LAB_PROD_CCS\\vendor\\laravel\\framework\\src\\Illuminate\\Cookie\\Middleware\\AddQueuedCookiesToResponse.php(37): Illuminate\\Pipeline\\Pipeline->Illuminate\\Pipeline\\{closure}()
#37 D:\\WORKAHOLIC\\APPLICATIONS\\CCS\\DEVELOPMENT\\AFC LAB\\v1\\LAB_PROD_CCS\\vendor\\laravel\\framework\\src\\Illuminate\\Pipeline\\Pipeline.php(180): Illuminate\\Cookie\\Middleware\\AddQueuedCookiesToResponse->handle()
#38 D:\\WORKAHOLIC\\APPLICATIONS\\CCS\\DEVELOPMENT\\AFC LAB\\v1\\LAB_PROD_CCS\\vendor\\laravel\\framework\\src\\Illuminate\\Cookie\\Middleware\\EncryptCookies.php(67): Illuminate\\Pipeline\\Pipeline->Illuminate\\Pipeline\\{closure}()
#39 D:\\WORKAHOLIC\\APPLICATIONS\\CCS\\DEVELOPMENT\\AFC LAB\\v1\\LAB_PROD_CCS\\vendor\\laravel\\framework\\src\\Illuminate\\Pipeline\\Pipeline.php(180): Illuminate\\Cookie\\Middleware\\EncryptCookies->handle()
#40 D:\\WORKAHOLIC\\APPLICATIONS\\CCS\\DEVELOPMENT\\AFC LAB\\v1\\LAB_PROD_CCS\\vendor\\laravel\\framework\\src\\Illuminate\\Pipeline\\Pipeline.php(116): Illuminate\\Pipeline\\Pipeline->Illuminate\\Pipeline\\{closure}()
#41 D:\\WORKAHOLIC\\APPLICATIONS\\CCS\\DEVELOPMENT\\AFC LAB\\v1\\LAB_PROD_CCS\\vendor\\laravel\\framework\\src\\Illuminate\\Routing\\Router.php(797): Illuminate\\Pipeline\\Pipeline->then()
#42 D:\\WORKAHOLIC\\APPLICATIONS\\CCS\\DEVELOPMENT\\AFC LAB\\v1\\LAB_PROD_CCS\\vendor\\laravel\\framework\\src\\Illuminate\\Routing\\Router.php(776): Illuminate\\Routing\\Router->runRouteWithinStack()
#43 D:\\WORKAHOLIC\\APPLICATIONS\\CCS\\DEVELOPMENT\\AFC LAB\\v1\\LAB_PROD_CCS\\vendor\\laravel\\framework\\src\\Illuminate\\Routing\\Router.php(740): Illuminate\\Routing\\Router->runRoute()
#44 D:\\WORKAHOLIC\\APPLICATIONS\\CCS\\DEVELOPMENT\\AFC LAB\\v1\\LAB_PROD_CCS\\vendor\\laravel\\framework\\src\\Illuminate\\Routing\\Router.php(729): Illuminate\\Routing\\Router->dispatchToRoute()
#45 D:\\WORKAHOLIC\\APPLICATIONS\\CCS\\DEVELOPMENT\\AFC LAB\\v1\\LAB_PROD_CCS\\vendor\\laravel\\framework\\src\\Illuminate\\Foundation\\Http\\Kernel.php(190): Illuminate\\Routing\\Router->dispatch()
#46 D:\\WORKAHOLIC\\APPLICATIONS\\CCS\\DEVELOPMENT\\AFC LAB\\v1\\LAB_PROD_CCS\\vendor\\laravel\\framework\\src\\Illuminate\\Pipeline\\Pipeline.php(141): Illuminate\\Foundation\\Http\\Kernel->Illuminate\\Foundation\\Http\\{closure}()
#47 D:\\WORKAHOLIC\\APPLICATIONS\\CCS\\DEVELOPMENT\\AFC LAB\\v1\\LAB_PROD_CCS\\vendor\\laravel\\framework\\src\\Illuminate\\Foundation\\Http\\Middleware\\TransformsRequest.php(21): Illuminate\\Pipeline\\Pipeline->Illuminate\\Pipeline\\{closure}()
#48 D:\\WORKAHOLIC\\APPLICATIONS\\CCS\\DEVELOPMENT\\AFC LAB\\v1\\LAB_PROD_CCS\\vendor\\laravel\\framework\\src\\Illuminate\\Foundation\\Http\\Middleware\\ConvertEmptyStringsToNull.php(31): Illuminate\\Foundation\\Http\\Middleware\\TransformsRequest->handle()
#49 D:\\WORKAHOLIC\\APPLICATIONS\\CCS\\DEVELOPMENT\\AFC LAB\\v1\\LAB_PROD_CCS\\vendor\\laravel\\framework\\src\\Illuminate\\Pipeline\\Pipeline.php(180): Illuminate\\Foundation\\Http\\Middleware\\ConvertEmptyStringsToNull->handle()
#50 D:\\WORKAHOLIC\\APPLICATIONS\\CCS\\DEVELOPMENT\\AFC LAB\\v1\\LAB_PROD_CCS\\vendor\\laravel\\framework\\src\\Illuminate\\Foundation\\Http\\Middleware\\TransformsRequest.php(21): Illuminate\\Pipeline\\Pipeline->Illuminate\\Pipeline\\{closure}()
#51 D:\\WORKAHOLIC\\APPLICATIONS\\CCS\\DEVELOPMENT\\AFC LAB\\v1\\LAB_PROD_CCS\\vendor\\laravel\\framework\\src\\Illuminate\\Foundation\\Http\\Middleware\\TrimStrings.php(40): Illuminate\\Foundation\\Http\\Middleware\\TransformsRequest->handle()
#52 D:\\WORKAHOLIC\\APPLICATIONS\\CCS\\DEVELOPMENT\\AFC LAB\\v1\\LAB_PROD_CCS\\vendor\\laravel\\framework\\src\\Illuminate\\Pipeline\\Pipeline.php(180): Illuminate\\Foundation\\Http\\Middleware\\TrimStrings->handle()
#53 D:\\WORKAHOLIC\\APPLICATIONS\\CCS\\DEVELOPMENT\\AFC LAB\\v1\\LAB_PROD_CCS\\vendor\\laravel\\framework\\src\\Illuminate\\Foundation\\Http\\Middleware\\ValidatePostSize.php(27): Illuminate\\Pipeline\\Pipeline->Illuminate\\Pipeline\\{closure}()
#54 D:\\WORKAHOLIC\\APPLICATIONS\\CCS\\DEVELOPMENT\\AFC LAB\\v1\\LAB_PROD_CCS\\vendor\\laravel\\framework\\src\\Illuminate\\Pipeline\\Pipeline.php(180): Illuminate\\Foundation\\Http\\Middleware\\ValidatePostSize->handle()
#55 D:\\WORKAHOLIC\\APPLICATIONS\\CCS\\DEVELOPMENT\\AFC LAB\\v1\\LAB_PROD_CCS\\vendor\\laravel\\framework\\src\\Illuminate\\Foundation\\Http\\Middleware\\PreventRequestsDuringMaintenance.php(86): Illuminate\\Pipeline\\Pipeline->Illuminate\\Pipeline\\{closure}()
#56 D:\\WORKAHOLIC\\APPLICATIONS\\CCS\\DEVELOPMENT\\AFC LAB\\v1\\LAB_PROD_CCS\\vendor\\laravel\\framework\\src\\Illuminate\\Pipeline\\Pipeline.php(180): Illuminate\\Foundation\\Http\\Middleware\\PreventRequestsDuringMaintenance->handle()
#57 D:\\WORKAHOLIC\\APPLICATIONS\\CCS\\DEVELOPMENT\\AFC LAB\\v1\\LAB_PROD_CCS\\vendor\\laravel\\framework\\src\\Illuminate\\Http\\Middleware\\HandleCors.php(49): Illuminate\\Pipeline\\Pipeline->Illuminate\\Pipeline\\{closure}()
#58 D:\\WORKAHOLIC\\APPLICATIONS\\CCS\\DEVELOPMENT\\AFC LAB\\v1\\LAB_PROD_CCS\\vendor\\laravel\\framework\\src\\Illuminate\\Pipeline\\Pipeline.php(180): Illuminate\\Http\\Middleware\\HandleCors->handle()
#59 D:\\WORKAHOLIC\\APPLICATIONS\\CCS\\DEVELOPMENT\\AFC LAB\\v1\\LAB_PROD_CCS\\vendor\\laravel\\framework\\src\\Illuminate\\Http\\Middleware\\TrustProxies.php(39): Illuminate\\Pipeline\\Pipeline->Illuminate\\Pipeline\\{closure}()
#60 D:\\WORKAHOLIC\\APPLICATIONS\\CCS\\DEVELOPMENT\\AFC LAB\\v1\\LAB_PROD_CCS\\vendor\\laravel\\framework\\src\\Illuminate\\Pipeline\\Pipeline.php(180): Illuminate\\Http\\Middleware\\TrustProxies->handle()
#61 D:\\WORKAHOLIC\\APPLICATIONS\\CCS\\DEVELOPMENT\\AFC LAB\\v1\\LAB_PROD_CCS\\vendor\\laravel\\framework\\src\\Illuminate\\Pipeline\\Pipeline.php(116): Illuminate\\Pipeline\\Pipeline->Illuminate\\Pipeline\\{closure}()
#62 D:\\WORKAHOLIC\\APPLICATIONS\\CCS\\DEVELOPMENT\\AFC LAB\\v1\\LAB_PROD_CCS\\vendor\\laravel\\framework\\src\\Illuminate\\Foundation\\Http\\Kernel.php(165): Illuminate\\Pipeline\\Pipeline->then()
#63 D:\\WORKAHOLIC\\APPLICATIONS\\CCS\\DEVELOPMENT\\AFC LAB\\v1\\LAB_PROD_CCS\\vendor\\laravel\\framework\\src\\Illuminate\\Foundation\\Http\\Kernel.php(134): Illuminate\\Foundation\\Http\\Kernel->sendRequestThroughRouter()
#64 D:\\WORKAHOLIC\\APPLICATIONS\\CCS\\DEVELOPMENT\\AFC LAB\\v1\\LAB_PROD_CCS\\public\\index.php(51): Illuminate\\Foundation\\Http\\Kernel->handle()
#65 D:\\WORKAHOLIC\\APPLICATIONS\\CCS\\DEVELOPMENT\\AFC LAB\\v1\\LAB_PROD_CCS\\vendor\\laravel\\framework\\src\\Illuminate\\Foundation\\resources\\server.php(16): require_once('...')
#66 {main}
"} 
